<?xml version="1.0" encoding="utf-8"?><testsuites name="pytest tests"><testsuite name="pytest" errors="161" failures="0" skipped="3" tests="292" time="4.791" timestamp="2026-06-27T09:16:24.320961+03:00" hostname="logos"><testcase classname="backend.tests.test_api_contract" name="test_public_contract_shapes" time="0.003"><error message="failed on setup with &quot;FileNotFoundError: [WinError 3] The system cannot find the path specified: 'C:\\Users\\syahn\\source\\litinerary\\backend\\tests\\.artifacts\\tmp\\pytest'&quot;">self = WindowsPath('C:/Users/syahn/source/litinerary/backend/tests/.artifacts/tmp/pytest')
mode = 448, parents = False, exist_ok = False

    def mkdir(self, mode=0o777, parents=False, exist_ok=False):
        """
        Create a new directory at this given path.
        """
        try:
&gt;           os.mkdir(self, mode)
E           FileNotFoundError: [WinError 3] The system cannot find the path specified: 'C:\\Users\\syahn\\source\\litinerary\\backend\\tests\\.artifacts\\tmp\\pytest'

..\..\..\AppData\Local\Programs\Python\Python314\Lib\pathlib\__init__.py:1016: FileNotFoundError</error></testcase><testcase classname="backend.tests.test_api_contract" name="test_user_contract_shapes" time="0.001"><error message="failed on setup with &quot;FileNotFoundError: [WinError 3] The system cannot find the path specified: 'C:\\Users\\syahn\\source\\litinerary\\backend\\tests\\.artifacts\\tmp\\pytest'&quot;">self = WindowsPath('C:/Users/syahn/source/litinerary/backend/tests/.artifacts/tmp/pytest')
mode = 448, parents = False, exist_ok = False

    def mkdir(self, mode=0o777, parents=False, exist_ok=False):
        """
        Create a new directory at this given path.
        """
        try:
&gt;           os.mkdir(self, mode)
E           FileNotFoundError: [WinError 3] The system cannot find the path specified: 'C:\\Users\\syahn\\source\\litinerary\\backend\\tests\\.artifacts\\tmp\\pytest'

..\..\..\AppData\Local\Programs\Python\Python314\Lib\pathlib\__init__.py:1016: FileNotFoundError</error></testcase><testcase classname="backend.tests.test_api_contract" name="test_development_admin_contract_shapes" time="0.002"><error message="failed on setup with &quot;FileNotFoundError: [WinError 3] The system cannot find the path specified: 'C:\\Users\\syahn\\source\\litinerary\\backend\\tests\\.artifacts\\tmp\\pytest'&quot;">self = WindowsPath('C:/Users/syahn/source/litinerary/backend/tests/.artifacts/tmp/pytest')
mode = 448, parents = False, exist_ok = False

    def mkdir(self, mode=0o777, parents=False, exist_ok=False):
        """
        Create a new directory at this given path.
        """
        try:
&gt;           os.mkdir(self, mode)
E           FileNotFoundError: [WinError 3] The system cannot find the path specified: 'C:\\Users\\syahn\\source\\litinerary\\backend\\tests\\.artifacts\\tmp\\pytest'

..\..\..\AppData\Local\Programs\Python\Python314\Lib\pathlib\__init__.py:1016: FileNotFoundError</error></testcase><testcase classname="backend.tests.test_auth_foundation" name="test_anonymous_public_access_still_works_when_auth_enabled" time="0.002"><error message="failed on setup with &quot;FileNotFoundError: [WinError 3] The system cannot find the path specified: 'C:\\Users\\syahn\\source\\litinerary\\backend\\tests\\.artifacts\\tmp\\pytest'&quot;">self = WindowsPath('C:/Users/syahn/source/litinerary/backend/tests/.artifacts/tmp/pytest')
mode = 448, parents = False, exist_ok = False

    def mkdir(self, mode=0o777, parents=False, exist_ok=False):
        """
        Create a new directory at this given path.
        """
        try:
&gt;           os.mkdir(self, mode)
E           FileNotFoundError: [WinError 3] The system cannot find the path specified: 'C:\\Users\\syahn\\source\\litinerary\\backend\\tests\\.artifacts\\tmp\\pytest'

..\..\..\AppData\Local\Programs\Python\Python314\Lib\pathlib\__init__.py:1016: FileNotFoundError</error></testcase><testcase classname="backend.tests.test_auth_foundation" name="test_user_endpoint_requires_auth_when_auth_enabled" time="0.003"><error message="failed on setup with &quot;FileNotFoundError: [WinError 3] The system cannot find the path specified: 'C:\\Users\\syahn\\source\\litinerary\\backend\\tests\\.artifacts\\tmp\\pytest'&quot;">self = WindowsPath('C:/Users/syahn/source/litinerary/backend/tests/.artifacts/tmp/pytest')
mode = 448, parents = False, exist_ok = False

    def mkdir(self, mode=0o777, parents=False, exist_ok=False):
        """
        Create a new directory at this given path.
        """
        try:
&gt;           os.mkdir(self, mode)
E           FileNotFoundError: [WinError 3] The system cannot find the path specified: 'C:\\Users\\syahn\\source\\litinerary\\backend\\tests\\.artifacts\\tmp\\pytest'

..\..\..\AppData\Local\Programs\Python\Python314\Lib\pathlib\__init__.py:1016: FileNotFoundError</error></testcase><testcase classname="backend.tests.test_auth_foundation" name="test_development_user_fallback_works_only_in_development" time="0.003"><error message="failed on setup with &quot;FileNotFoundError: [WinError 3] The system cannot find the path specified: 'C:\\Users\\syahn\\source\\litinerary\\backend\\tests\\.artifacts\\tmp\\pytest'&quot;">self = WindowsPath('C:/Users/syahn/source/litinerary/backend/tests/.artifacts/tmp/pytest')
mode = 448, parents = False, exist_ok = False

    def mkdir(self, mode=0o777, parents=False, exist_ok=False):
        """
        Create a new directory at this given path.
        """
        try:
&gt;           os.mkdir(self, mode)
E           FileNotFoundError: [WinError 3] The system cannot find the path specified: 'C:\\Users\\syahn\\source\\litinerary\\backend\\tests\\.artifacts\\tmp\\pytest'

..\..\..\AppData\Local\Programs\Python\Python314\Lib\pathlib\__init__.py:1016: FileNotFoundError</error></testcase><testcase classname="backend.tests.test_auth_foundation" name="test_development_fallback_is_not_allowed_in_production" time="0.002"><error message="failed on setup with &quot;FileNotFoundError: [WinError 3] The system cannot find the path specified: 'C:\\Users\\syahn\\source\\litinerary\\backend\\tests\\.artifacts\\tmp\\pytest'&quot;">self = WindowsPath('C:/Users/syahn/source/litinerary/backend/tests/.artifacts/tmp/pytest')
mode = 448, parents = False, exist_ok = False

    def mkdir(self, mode=0o777, parents=False, exist_ok=False):
        """
        Create a new directory at this given path.
        """
        try:
&gt;           os.mkdir(self, mode)
E           FileNotFoundError: [WinError 3] The system cannot find the path specified: 'C:\\Users\\syahn\\source\\litinerary\\backend\\tests\\.artifacts\\tmp\\pytest'

..\..\..\AppData\Local\Programs\Python\Python314\Lib\pathlib\__init__.py:1016: FileNotFoundError</error></testcase><testcase classname="backend.tests.test_auth_foundation" name="test_development_fallback_is_not_allowed_in_beta" time="0.002"><error message="failed on setup with &quot;FileNotFoundError: [WinError 3] The system cannot find the path specified: 'C:\\Users\\syahn\\source\\litinerary\\backend\\tests\\.artifacts\\tmp\\pytest'&quot;">self = WindowsPath('C:/Users/syahn/source/litinerary/backend/tests/.artifacts/tmp/pytest')
mode = 448, parents = False, exist_ok = False

    def mkdir(self, mode=0o777, parents=False, exist_ok=False):
        """
        Create a new directory at this given path.
        """
        try:
&gt;           os.mkdir(self, mode)
E           FileNotFoundError: [WinError 3] The system cannot find the path specified: 'C:\\Users\\syahn\\source\\litinerary\\backend\\tests\\.artifacts\\tmp\\pytest'

..\..\..\AppData\Local\Programs\Python\Python314\Lib\pathlib\__init__.py:1016: FileNotFoundError</error></testcase><testcase classname="backend.tests.test_auth_foundation" name="test_dev_token_allows_matching_user_feature_access" time="0.002"><error message="failed on setup with &quot;FileNotFoundError: [WinError 3] The system cannot find the path specified: 'C:\\Users\\syahn\\source\\litinerary\\backend\\tests\\.artifacts\\tmp\\pytest'&quot;">self = WindowsPath('C:/Users/syahn/source/litinerary/backend/tests/.artifacts/tmp/pytest')
mode = 448, parents = False, exist_ok = False

    def mkdir(self, mode=0o777, parents=False, exist_ok=False):
        """
        Create a new directory at this given path.
        """
        try:
&gt;           os.mkdir(self, mode)
E           FileNotFoundError: [WinError 3] The system cannot find the path specified: 'C:\\Users\\syahn\\source\\litinerary\\backend\\tests\\.artifacts\\tmp\\pytest'

..\..\..\AppData\Local\Programs\Python\Python314\Lib\pathlib\__init__.py:1016: FileNotFoundError</error></testcase><testcase classname="backend.tests.test_auth_foundation" name="test_invalid_or_mismatched_tokens_are_rejected" time="0.002"><error message="failed on setup with &quot;FileNotFoundError: [WinError 3] The system cannot find the path specified: 'C:\\Users\\syahn\\source\\litinerary\\backend\\tests\\.artifacts\\tmp\\pytest'&quot;">self = WindowsPath('C:/Users/syahn/source/litinerary/backend/tests/.artifacts/tmp/pytest')
mode = 448, parents = False, exist_ok = False

    def mkdir(self, mode=0o777, parents=False, exist_ok=False):
        """
        Create a new directory at this given path.
        """
        try:
&gt;           os.mkdir(self, mode)
E           FileNotFoundError: [WinError 3] The system cannot find the path specified: 'C:\\Users\\syahn\\source\\litinerary\\backend\\tests\\.artifacts\\tmp\\pytest'

..\..\..\AppData\Local\Programs\Python\Python314\Lib\pathlib\__init__.py:1016: FileNotFoundError</error></testcase><testcase classname="backend.tests.test_auth_foundation" name="test_development_tokens_are_rejected_in_beta" time="0.001"><error message="failed on setup with &quot;FileNotFoundError: [WinError 3] The system cannot find the path specified: 'C:\\Users\\syahn\\source\\litinerary\\backend\\tests\\.artifacts\\tmp\\pytest'&quot;">self = WindowsPath('C:/Users/syahn/source/litinerary/backend/tests/.artifacts/tmp/pytest')
mode = 448, parents = False, exist_ok = False

    def mkdir(self, mode=0o777, parents=False, exist_ok=False):
        """
        Create a new directory at this given path.
        """
        try:
&gt;           os.mkdir(self, mode)
E           FileNotFoundError: [WinError 3] The system cannot find the path specified: 'C:\\Users\\syahn\\source\\litinerary\\backend\\tests\\.artifacts\\tmp\\pytest'

..\..\..\AppData\Local\Programs\Python\Python314\Lib\pathlib\__init__.py:1016: FileNotFoundError</error></testcase><testcase classname="backend.tests.test_auth_foundation" name="test_valid_managed_jwt_syncs_current_user" time="0.002"><error message="failed on setup with &quot;FileNotFoundError: [WinError 3] The system cannot find the path specified: 'C:\\Users\\syahn\\source\\litinerary\\backend\\tests\\.artifacts\\tmp\\pytest'&quot;">self = WindowsPath('C:/Users/syahn/source/litinerary/backend/tests/.artifacts/tmp/pytest')
mode = 448, parents = False, exist_ok = False

    def mkdir(self, mode=0o777, parents=False, exist_ok=False):
        """
        Create a new directory at this given path.
        """
        try:
&gt;           os.mkdir(self, mode)
E           FileNotFoundError: [WinError 3] The system cannot find the path specified: 'C:\\Users\\syahn\\source\\litinerary\\backend\\tests\\.artifacts\\tmp\\pytest'

..\..\..\AppData\Local\Programs\Python\Python314\Lib\pathlib\__init__.py:1016: FileNotFoundError</error></testcase><testcase classname="backend.tests.test_auth_foundation" name="test_valid_managed_jwt_allows_owner_user_feature_access" time="0.001"><error message="failed on setup with &quot;FileNotFoundError: [WinError 3] The system cannot find the path specified: 'C:\\Users\\syahn\\source\\litinerary\\backend\\tests\\.artifacts\\tmp\\pytest'&quot;">self = WindowsPath('C:/Users/syahn/source/litinerary/backend/tests/.artifacts/tmp/pytest')
mode = 448, parents = False, exist_ok = False

    def mkdir(self, mode=0o777, parents=False, exist_ok=False):
        """
        Create a new directory at this given path.
        """
        try:
&gt;           os.mkdir(self, mode)
E           FileNotFoundError: [WinError 3] The system cannot find the path specified: 'C:\\Users\\syahn\\source\\litinerary\\backend\\tests\\.artifacts\\tmp\\pytest'

..\..\..\AppData\Local\Programs\Python\Python314\Lib\pathlib\__init__.py:1016: FileNotFoundError</error></testcase><testcase classname="backend.tests.test_auth_foundation" name="test_managed_jwt_rejects_invalid_issuer" time="0.002"><error message="failed on setup with &quot;FileNotFoundError: [WinError 3] The system cannot find the path specified: 'C:\\Users\\syahn\\source\\litinerary\\backend\\tests\\.artifacts\\tmp\\pytest'&quot;">self = WindowsPath('C:/Users/syahn/source/litinerary/backend/tests/.artifacts/tmp/pytest')
mode = 448, parents = False, exist_ok = False

    def mkdir(self, mode=0o777, parents=False, exist_ok=False):
        """
        Create a new directory at this given path.
        """
        try:
&gt;           os.mkdir(self, mode)
E           FileNotFoundError: [WinError 3] The system cannot find the path specified: 'C:\\Users\\syahn\\source\\litinerary\\backend\\tests\\.artifacts\\tmp\\pytest'

..\..\..\AppData\Local\Programs\Python\Python314\Lib\pathlib\__init__.py:1016: FileNotFoundError</error></testcase><testcase classname="backend.tests.test_auth_foundation" name="test_managed_jwt_rejects_invalid_audience" time="0.002"><error message="failed on setup with &quot;FileNotFoundError: [WinError 3] The system cannot find the path specified: 'C:\\Users\\syahn\\source\\litinerary\\backend\\tests\\.artifacts\\tmp\\pytest'&quot;">self = WindowsPath('C:/Users/syahn/source/litinerary/backend/tests/.artifacts/tmp/pytest')
mode = 448, parents = False, exist_ok = False

    def mkdir(self, mode=0o777, parents=False, exist_ok=False):
        """
        Create a new directory at this given path.
        """
        try:
&gt;           os.mkdir(self, mode)
E           FileNotFoundError: [WinError 3] The system cannot find the path specified: 'C:\\Users\\syahn\\source\\litinerary\\backend\\tests\\.artifacts\\tmp\\pytest'

..\..\..\AppData\Local\Programs\Python\Python314\Lib\pathlib\__init__.py:1016: FileNotFoundError</error></testcase><testcase classname="backend.tests.test_auth_foundation" name="test_managed_jwt_rejects_expired_token" time="0.001"><error message="failed on setup with &quot;FileNotFoundError: [WinError 3] The system cannot find the path specified: 'C:\\Users\\syahn\\source\\litinerary\\backend\\tests\\.artifacts\\tmp\\pytest'&quot;">self = WindowsPath('C:/Users/syahn/source/litinerary/backend/tests/.artifacts/tmp/pytest')
mode = 448, parents = False, exist_ok = False

    def mkdir(self, mode=0o777, parents=False, exist_ok=False):
        """
        Create a new directory at this given path.
        """
        try:
&gt;           os.mkdir(self, mode)
E           FileNotFoundError: [WinError 3] The system cannot find the path specified: 'C:\\Users\\syahn\\source\\litinerary\\backend\\tests\\.artifacts\\tmp\\pytest'

..\..\..\AppData\Local\Programs\Python\Python314\Lib\pathlib\__init__.py:1016: FileNotFoundError</error></testcase><testcase classname="backend.tests.test_auth_foundation" name="test_managed_user_with_insufficient_role_gets_403" time="0.002"><error message="failed on setup with &quot;FileNotFoundError: [WinError 3] The system cannot find the path specified: 'C:\\Users\\syahn\\source\\litinerary\\backend\\tests\\.artifacts\\tmp\\pytest'&quot;">self = WindowsPath('C:/Users/syahn/source/litinerary/backend/tests/.artifacts/tmp/pytest')
mode = 448, parents = False, exist_ok = False

    def mkdir(self, mode=0o777, parents=False, exist_ok=False):
        """
        Create a new directory at this given path.
        """
        try:
&gt;           os.mkdir(self, mode)
E           FileNotFoundError: [WinError 3] The system cannot find the path specified: 'C:\\Users\\syahn\\source\\litinerary\\backend\\tests\\.artifacts\\tmp\\pytest'

..\..\..\AppData\Local\Programs\Python\Python314\Lib\pathlib\__init__.py:1016: FileNotFoundError</error></testcase><testcase classname="backend.tests.test_auth_foundation" name="test_auth_enabled_user_creation_uses_current_user_identity" time="0.003"><error message="failed on setup with &quot;FileNotFoundError: [WinError 3] The system cannot find the path specified: 'C:\\Users\\syahn\\source\\litinerary\\backend\\tests\\.artifacts\\tmp\\pytest'&quot;">self = WindowsPath('C:/Users/syahn/source/litinerary/backend/tests/.artifacts/tmp/pytest')
mode = 448, parents = False, exist_ok = False

    def mkdir(self, mode=0o777, parents=False, exist_ok=False):
        """
        Create a new directory at this given path.
        """
        try:
&gt;           os.mkdir(self, mode)
E           FileNotFoundError: [WinError 3] The system cannot find the path specified: 'C:\\Users\\syahn\\source\\litinerary\\backend\\tests\\.artifacts\\tmp\\pytest'

..\..\..\AppData\Local\Programs\Python\Python314\Lib\pathlib\__init__.py:1016: FileNotFoundError</error></testcase><testcase classname="backend.tests.test_auth_foundation" name="test_role_and_subscriber_checks_return_403_for_insufficient_access" time="0.009" /><testcase classname="backend.tests.test_auth_foundation" name="test_production_auth_startup_validation_fails_when_config_incomplete" time="0.002" /><testcase classname="backend.tests.test_book_ingestion" name="test_development_ingestion_job_can_be_created_listed_and_processed" time="0.002"><error message="failed on setup with &quot;FileNotFoundError: [WinError 3] The system cannot find the path specified: 'C:\\Users\\syahn\\source\\litinerary\\backend\\tests\\.artifacts\\tmp\\pytest'&quot;">self = WindowsPath('C:/Users/syahn/source/litinerary/backend/tests/.artifacts/tmp/pytest')
mode = 448, parents = False, exist_ok = False

    def mkdir(self, mode=0o777, parents=False, exist_ok=False):
        """
        Create a new directory at this given path.
        """
        try:
&gt;           os.mkdir(self, mode)
E           FileNotFoundError: [WinError 3] The system cannot find the path specified: 'C:\\Users\\syahn\\source\\litinerary\\backend\\tests\\.artifacts\\tmp\\pytest'

..\..\..\AppData\Local\Programs\Python\Python314\Lib\pathlib\__init__.py:1016: FileNotFoundError</error></testcase><testcase classname="backend.tests.test_book_ingestion" name="test_ingestion_rejects_unsafe_full_text_metadata" time="0.002"><error message="failed on setup with &quot;FileNotFoundError: [WinError 3] The system cannot find the path specified: 'C:\\Users\\syahn\\source\\litinerary\\backend\\tests\\.artifacts\\tmp\\pytest'&quot;">self = WindowsPath('C:/Users/syahn/source/litinerary/backend/tests/.artifacts/tmp/pytest')
mode = 448, parents = False, exist_ok = False

    def mkdir(self, mode=0o777, parents=False, exist_ok=False):
        """
        Create a new directory at this given path.
        """
        try:
&gt;           os.mkdir(self, mode)
E           FileNotFoundError: [WinError 3] The system cannot find the path specified: 'C:\\Users\\syahn\\source\\litinerary\\backend\\tests\\.artifacts\\tmp\\pytest'

..\..\..\AppData\Local\Programs\Python\Python314\Lib\pathlib\__init__.py:1016: FileNotFoundError</error></testcase><testcase classname="backend.tests.test_book_ingestion" name="test_ingestion_candidate_can_be_promoted_to_poi" time="0.003"><error message="failed on setup with &quot;FileNotFoundError: [WinError 3] The system cannot find the path specified: 'C:\\Users\\syahn\\source\\litinerary\\backend\\tests\\.artifacts\\tmp\\pytest'&quot;">self = WindowsPath('C:/Users/syahn/source/litinerary/backend/tests/.artifacts/tmp/pytest')
mode = 448, parents = False, exist_ok = False

    def mkdir(self, mode=0o777, parents=False, exist_ok=False):
        """
        Create a new directory at this given path.
        """
        try:
&gt;           os.mkdir(self, mode)
E           FileNotFoundError: [WinError 3] The system cannot find the path specified: 'C:\\Users\\syahn\\source\\litinerary\\backend\\tests\\.artifacts\\tmp\\pytest'

..\..\..\AppData\Local\Programs\Python\Python314\Lib\pathlib\__init__.py:1016: FileNotFoundError</error></testcase><testcase classname="backend.tests.test_book_ingestion" name="test_existing_itinerary_generation_still_works_after_ingestion_routes" time="0.001"><error message="failed on setup with &quot;FileNotFoundError: [WinError 3] The system cannot find the path specified: 'C:\\Users\\syahn\\source\\litinerary\\backend\\tests\\.artifacts\\tmp\\pytest'&quot;">self = WindowsPath('C:/Users/syahn/source/litinerary/backend/tests/.artifacts/tmp/pytest')
mode = 448, parents = False, exist_ok = False

    def mkdir(self, mode=0o777, parents=False, exist_ok=False):
        """
        Create a new directory at this given path.
        """
        try:
&gt;           os.mkdir(self, mode)
E           FileNotFoundError: [WinError 3] The system cannot find the path specified: 'C:\\Users\\syahn\\source\\litinerary\\backend\\tests\\.artifacts\\tmp\\pytest'

..\..\..\AppData\Local\Programs\Python\Python314\Lib\pathlib\__init__.py:1016: FileNotFoundError</error></testcase><testcase classname="backend.tests.test_database_seed" name="test_seed_database_loads_mock_catalog_and_itineraries" time="0.002"><error message="failed on setup with &quot;FileNotFoundError: [WinError 3] The system cannot find the path specified: 'C:\\Users\\syahn\\source\\litinerary\\backend\\tests\\.artifacts\\tmp\\pytest'&quot;">self = WindowsPath('C:/Users/syahn/source/litinerary/backend/tests/.artifacts/tmp/pytest')
mode = 448, parents = False, exist_ok = False

    def mkdir(self, mode=0o777, parents=False, exist_ok=False):
        """
        Create a new directory at this given path.
        """
        try:
&gt;           os.mkdir(self, mode)
E           FileNotFoundError: [WinError 3] The system cannot find the path specified: 'C:\\Users\\syahn\\source\\litinerary\\backend\\tests\\.artifacts\\tmp\\pytest'

..\..\..\AppData\Local\Programs\Python\Python314\Lib\pathlib\__init__.py:1016: FileNotFoundError</error></testcase><testcase classname="backend.tests.test_database_seed" name="test_london_sherlock_smoke_poi_is_grounding_safe_in_seed_data" time="0.001" /><testcase classname="backend.tests.test_database_seed" name="test_london_sherlock_smoke_poi_is_grounding_safe_after_database_seed" time="0.001"><error message="failed on setup with &quot;FileNotFoundError: [WinError 3] The system cannot find the path specified: 'C:\\Users\\syahn\\source\\litinerary\\backend\\tests\\.artifacts\\tmp\\pytest'&quot;">self = WindowsPath('C:/Users/syahn/source/litinerary/backend/tests/.artifacts/tmp/pytest')
mode = 448, parents = False, exist_ok = False

    def mkdir(self, mode=0o777, parents=False, exist_ok=False):
        """
        Create a new directory at this given path.
        """
        try:
&gt;           os.mkdir(self, mode)
E           FileNotFoundError: [WinError 3] The system cannot find the path specified: 'C:\\Users\\syahn\\source\\litinerary\\backend\\tests\\.artifacts\\tmp\\pytest'

..\..\..\AppData\Local\Programs\Python\Python314\Lib\pathlib\__init__.py:1016: FileNotFoundError</error></testcase><testcase classname="backend.tests.test_environment_guards" name="test_admin_routes_work_in_development_by_default" time="0.002"><error message="failed on setup with &quot;FileNotFoundError: [WinError 3] The system cannot find the path specified: 'C:\\Users\\syahn\\source\\litinerary\\backend\\tests\\.artifacts\\tmp\\pytest'&quot;">self = WindowsPath('C:/Users/syahn/source/litinerary/backend/tests/.artifacts/tmp/pytest')
mode = 448, parents = False, exist_ok = False

    def mkdir(self, mode=0o777, parents=False, exist_ok=False):
        """
        Create a new directory at this given path.
        """
        try:
&gt;           os.mkdir(self, mode)
E           FileNotFoundError: [WinError 3] The system cannot find the path specified: 'C:\\Users\\syahn\\source\\litinerary\\backend\\tests\\.artifacts\\tmp\\pytest'

..\..\..\AppData\Local\Programs\Python\Python314\Lib\pathlib\__init__.py:1016: FileNotFoundError</error></testcase><testcase classname="backend.tests.test_environment_guards" name="test_admin_routes_are_blocked_in_production_by_default" time="0.001"><error message="failed on setup with &quot;FileNotFoundError: [WinError 3] The system cannot find the path specified: 'C:\\Users\\syahn\\source\\litinerary\\backend\\tests\\.artifacts\\tmp\\pytest'&quot;">self = WindowsPath('C:/Users/syahn/source/litinerary/backend/tests/.artifacts/tmp/pytest')
mode = 448, parents = False, exist_ok = False

    def mkdir(self, mode=0o777, parents=False, exist_ok=False):
        """
        Create a new directory at this given path.
        """
        try:
&gt;           os.mkdir(self, mode)
E           FileNotFoundError: [WinError 3] The system cannot find the path specified: 'C:\\Users\\syahn\\source\\litinerary\\backend\\tests\\.artifacts\\tmp\\pytest'

..\..\..\AppData\Local\Programs\Python\Python314\Lib\pathlib\__init__.py:1016: FileNotFoundError</error></testcase><testcase classname="backend.tests.test_environment_guards" name="test_non_destructive_admin_route_can_be_explicitly_enabled_in_production" time="0.001"><error message="failed on setup with &quot;FileNotFoundError: [WinError 3] The system cannot find the path specified: 'C:\\Users\\syahn\\source\\litinerary\\backend\\tests\\.artifacts\\tmp\\pytest'&quot;">self = WindowsPath('C:/Users/syahn/source/litinerary/backend/tests/.artifacts/tmp/pytest')
mode = 448, parents = False, exist_ok = False

    def mkdir(self, mode=0o777, parents=False, exist_ok=False):
        """
        Create a new directory at this given path.
        """
        try:
&gt;           os.mkdir(self, mode)
E           FileNotFoundError: [WinError 3] The system cannot find the path specified: 'C:\\Users\\syahn\\source\\litinerary\\backend\\tests\\.artifacts\\tmp\\pytest'

..\..\..\AppData\Local\Programs\Python\Python314\Lib\pathlib\__init__.py:1016: FileNotFoundError</error></testcase><testcase classname="backend.tests.test_environment_guards" name="test_destructive_seed_routes_are_blocked_in_production_even_when_admin_enabled" time="0.002"><error message="failed on setup with &quot;FileNotFoundError: [WinError 3] The system cannot find the path specified: 'C:\\Users\\syahn\\source\\litinerary\\backend\\tests\\.artifacts\\tmp\\pytest'&quot;">self = WindowsPath('C:/Users/syahn/source/litinerary/backend/tests/.artifacts/tmp/pytest')
mode = 448, parents = False, exist_ok = False

    def mkdir(self, mode=0o777, parents=False, exist_ok=False):
        """
        Create a new directory at this given path.
        """
        try:
&gt;           os.mkdir(self, mode)
E           FileNotFoundError: [WinError 3] The system cannot find the path specified: 'C:\\Users\\syahn\\source\\litinerary\\backend\\tests\\.artifacts\\tmp\\pytest'

..\..\..\AppData\Local\Programs\Python\Python314\Lib\pathlib\__init__.py:1016: FileNotFoundError</error></testcase><testcase classname="backend.tests.test_environment_guards" name="test_debug_routes_are_blocked_in_production_by_default" time="0.003"><error message="failed on setup with &quot;FileNotFoundError: [WinError 3] The system cannot find the path specified: 'C:\\Users\\syahn\\source\\litinerary\\backend\\tests\\.artifacts\\tmp\\pytest'&quot;">self = WindowsPath('C:/Users/syahn/source/litinerary/backend/tests/.artifacts/tmp/pytest')
mode = 448, parents = False, exist_ok = False

    def mkdir(self, mode=0o777, parents=False, exist_ok=False):
        """
        Create a new directory at this given path.
        """
        try:
&gt;           os.mkdir(self, mode)
E           FileNotFoundError: [WinError 3] The system cannot find the path specified: 'C:\\Users\\syahn\\source\\litinerary\\backend\\tests\\.artifacts\\tmp\\pytest'

..\..\..\AppData\Local\Programs\Python\Python314\Lib\pathlib\__init__.py:1016: FileNotFoundError</error></testcase><testcase classname="backend.tests.test_environment_guards" name="test_beta_environment_defaults_are_deployment_safe" time="0.002"><error message="failed on setup with &quot;FileNotFoundError: [WinError 3] The system cannot find the path specified: 'C:\\Users\\syahn\\source\\litinerary\\backend\\tests\\.artifacts\\tmp\\pytest'&quot;">self = WindowsPath('C:/Users/syahn/source/litinerary/backend/tests/.artifacts/tmp/pytest')
mode = 448, parents = False, exist_ok = False

    def mkdir(self, mode=0o777, parents=False, exist_ok=False):
        """
        Create a new directory at this given path.
        """
        try:
&gt;           os.mkdir(self, mode)
E           FileNotFoundError: [WinError 3] The system cannot find the path specified: 'C:\\Users\\syahn\\source\\litinerary\\backend\\tests\\.artifacts\\tmp\\pytest'

..\..\..\AppData\Local\Programs\Python\Python314\Lib\pathlib\__init__.py:1016: FileNotFoundError</error></testcase><testcase classname="backend.tests.test_environment_guards" name="test_internal_environment_defaults_are_deployment_safe" time="0.001"><error message="failed on setup with &quot;FileNotFoundError: [WinError 3] The system cannot find the path specified: 'C:\\Users\\syahn\\source\\litinerary\\backend\\tests\\.artifacts\\tmp\\pytest'&quot;">self = WindowsPath('C:/Users/syahn/source/litinerary/backend/tests/.artifacts/tmp/pytest')
mode = 448, parents = False, exist_ok = False

    def mkdir(self, mode=0o777, parents=False, exist_ok=False):
        """
        Create a new directory at this given path.
        """
        try:
&gt;           os.mkdir(self, mode)
E           FileNotFoundError: [WinError 3] The system cannot find the path specified: 'C:\\Users\\syahn\\source\\litinerary\\backend\\tests\\.artifacts\\tmp\\pytest'

..\..\..\AppData\Local\Programs\Python\Python314\Lib\pathlib\__init__.py:1016: FileNotFoundError</error></testcase><testcase classname="backend.tests.test_environment_guards" name="test_cors_wildcard_is_ignored_in_production" time="0.002" /><testcase classname="backend.tests.test_environment_guards" name="test_missing_provider_keys_do_not_break_local_mock_services" time="0.003" /><testcase classname="backend.tests.test_environment_guards" name="test_missing_real_provider_keys_create_startup_notes_without_crashing" time="0.002" /><testcase classname="backend.tests.test_external_call_policy" name="test_standard_test_mode_blocks_external_calls_even_when_allowed" time="0.005" /><testcase classname="backend.tests.test_external_call_policy" name="test_real_adapter_startup_fails_safely_when_external_calls_are_disabled" time="0.003" /><testcase classname="backend.tests.test_external_call_policy" name="test_real_adapter_startup_fails_clearly_when_required_config_is_missing" time="0.003" /><testcase classname="backend.tests.test_external_call_policy" name="test_http_transport_guard_blocks_before_network" time="0.002" /><testcase classname="backend.tests.test_external_call_policy" name="test_mock_and_fake_providers_still_work_by_default" time="0.004" /><testcase classname="backend.tests.test_external_call_policy" name="test_integration_test_mode_is_explicit_opt_in" time="0.002" /><testcase classname="backend.tests.test_external_call_policy" name="test_openai_http_transport_is_guarded_without_policy_opt_in" time="0.004" /><testcase classname="backend.tests.test_external_call_policy" name="test_llm_requires_global_external_environment_allowlist" time="0.002" /><testcase classname="backend.tests.test_external_call_policy" name="test_llm_requires_provider_specific_environment_allowlist" time="0.006" /><testcase classname="backend.tests.test_external_call_policy" name="test_managed_auth_jwks_lookup_is_guarded_before_network" time="0.002" /><testcase classname="backend.tests.test_google_places_poi_adapter" name="test_mock_adapter_remains_default" time="0.002" /><testcase classname="backend.tests.test_google_places_poi_adapter" name="test_google_adapter_selection_requires_real_provider_flag" time="0.004" /><testcase classname="backend.tests.test_google_places_poi_adapter" name="test_google_adapter_selection_when_enabled" time="0.006" /><testcase classname="backend.tests.test_google_places_poi_adapter" name="test_missing_google_config_fails_clearly_when_enabled" time="0.005" /><testcase classname="backend.tests.test_google_places_poi_adapter" name="test_settings_support_poi_provider_alias_and_threshold" time="0.002" /><testcase classname="backend.tests.test_google_places_poi_adapter" name="test_google_search_normalizes_provider_response" time="0.002"><error message="failed on setup with &quot;FileNotFoundError: [WinError 3] The system cannot find the path specified: 'C:\\Users\\syahn\\source\\litinerary\\backend\\tests\\.artifacts\\tmp\\pytest'&quot;">self = WindowsPath('C:/Users/syahn/source/litinerary/backend/tests/.artifacts/tmp/pytest')
mode = 448, parents = False, exist_ok = False

    def mkdir(self, mode=0o777, parents=False, exist_ok=False):
        """
        Create a new directory at this given path.
        """
        try:
&gt;           os.mkdir(self, mode)
E           FileNotFoundError: [WinError 3] The system cannot find the path specified: 'C:\\Users\\syahn\\source\\litinerary\\backend\\tests\\.artifacts\\tmp\\pytest'

..\..\..\AppData\Local\Programs\Python\Python314\Lib\pathlib\__init__.py:1016: FileNotFoundError</error></testcase><testcase classname="backend.tests.test_google_places_poi_adapter" name="test_google_adapter_resolves_candidate_as_provider_verified" time="0.002"><error message="failed on setup with &quot;FileNotFoundError: [WinError 3] The system cannot find the path specified: 'C:\\Users\\syahn\\source\\litinerary\\backend\\tests\\.artifacts\\tmp\\pytest'&quot;">self = WindowsPath('C:/Users/syahn/source/litinerary/backend/tests/.artifacts/tmp/pytest')
mode = 448, parents = False, exist_ok = False

    def mkdir(self, mode=0o777, parents=False, exist_ok=False):
        """
        Create a new directory at this given path.
        """
        try:
&gt;           os.mkdir(self, mode)
E           FileNotFoundError: [WinError 3] The system cannot find the path specified: 'C:\\Users\\syahn\\source\\litinerary\\backend\\tests\\.artifacts\\tmp\\pytest'

..\..\..\AppData\Local\Programs\Python\Python314\Lib\pathlib\__init__.py:1016: FileNotFoundError</error></testcase><testcase classname="backend.tests.test_google_places_poi_adapter" name="test_google_adapter_low_confidence_result_needs_review" time="0.002"><error message="failed on setup with &quot;FileNotFoundError: [WinError 3] The system cannot find the path specified: 'C:\\Users\\syahn\\source\\litinerary\\backend\\tests\\.artifacts\\tmp\\pytest'&quot;">self = WindowsPath('C:/Users/syahn/source/litinerary/backend/tests/.artifacts/tmp/pytest')
mode = 448, parents = False, exist_ok = False

    def mkdir(self, mode=0o777, parents=False, exist_ok=False):
        """
        Create a new directory at this given path.
        """
        try:
&gt;           os.mkdir(self, mode)
E           FileNotFoundError: [WinError 3] The system cannot find the path specified: 'C:\\Users\\syahn\\source\\litinerary\\backend\\tests\\.artifacts\\tmp\\pytest'

..\..\..\AppData\Local\Programs\Python\Python314\Lib\pathlib\__init__.py:1016: FileNotFoundError</error></testcase><testcase classname="backend.tests.test_google_places_poi_adapter" name="test_google_adapter_no_match_result_needs_review" time="0.001"><error message="failed on setup with &quot;FileNotFoundError: [WinError 3] The system cannot find the path specified: 'C:\\Users\\syahn\\source\\litinerary\\backend\\tests\\.artifacts\\tmp\\pytest'&quot;">self = WindowsPath('C:/Users/syahn/source/litinerary/backend/tests/.artifacts/tmp/pytest')
mode = 448, parents = False, exist_ok = False

    def mkdir(self, mode=0o777, parents=False, exist_ok=False):
        """
        Create a new directory at this given path.
        """
        try:
&gt;           os.mkdir(self, mode)
E           FileNotFoundError: [WinError 3] The system cannot find the path specified: 'C:\\Users\\syahn\\source\\litinerary\\backend\\tests\\.artifacts\\tmp\\pytest'

..\..\..\AppData\Local\Programs\Python\Python314\Lib\pathlib\__init__.py:1016: FileNotFoundError</error></testcase><testcase classname="backend.tests.test_google_places_poi_adapter" name="test_google_adapter_normalizes_transport_errors[provider_timeout]" time="0.002"><error message="failed on setup with &quot;FileNotFoundError: [WinError 3] The system cannot find the path specified: 'C:\\Users\\syahn\\source\\litinerary\\backend\\tests\\.artifacts\\tmp\\pytest'&quot;">self = WindowsPath('C:/Users/syahn/source/litinerary/backend/tests/.artifacts/tmp/pytest')
mode = 448, parents = False, exist_ok = False

    def mkdir(self, mode=0o777, parents=False, exist_ok=False):
        """
        Create a new directory at this given path.
        """
        try:
&gt;           os.mkdir(self, mode)
E           FileNotFoundError: [WinError 3] The system cannot find the path specified: 'C:\\Users\\syahn\\source\\litinerary\\backend\\tests\\.artifacts\\tmp\\pytest'

..\..\..\AppData\Local\Programs\Python\Python314\Lib\pathlib\__init__.py:1016: FileNotFoundError</error></testcase><testcase classname="backend.tests.test_google_places_poi_adapter" name="test_google_adapter_normalizes_transport_errors[rate_limited]" time="0.002"><error message="failed on setup with &quot;FileNotFoundError: [WinError 3] The system cannot find the path specified: 'C:\\Users\\syahn\\source\\litinerary\\backend\\tests\\.artifacts\\tmp\\pytest'&quot;">self = WindowsPath('C:/Users/syahn/source/litinerary/backend/tests/.artifacts/tmp/pytest')
mode = 448, parents = False, exist_ok = False

    def mkdir(self, mode=0o777, parents=False, exist_ok=False):
        """
        Create a new directory at this given path.
        """
        try:
&gt;           os.mkdir(self, mode)
E           FileNotFoundError: [WinError 3] The system cannot find the path specified: 'C:\\Users\\syahn\\source\\litinerary\\backend\\tests\\.artifacts\\tmp\\pytest'

..\..\..\AppData\Local\Programs\Python\Python314\Lib\pathlib\__init__.py:1016: FileNotFoundError</error></testcase><testcase classname="backend.tests.test_google_places_poi_adapter" name="test_apply_google_verification_preserves_metadata_notes_and_manual_review" time="0.071" /><testcase classname="backend.tests.test_google_places_poi_adapter" name="test_unit_tests_use_fake_transport_without_network" time="0.001"><error message="failed on setup with &quot;FileNotFoundError: [WinError 3] The system cannot find the path specified: 'C:\\Users\\syahn\\source\\litinerary\\backend\\tests\\.artifacts\\tmp\\pytest'&quot;">self = WindowsPath('C:/Users/syahn/source/litinerary/backend/tests/.artifacts/tmp/pytest')
mode = 448, parents = False, exist_ok = False

    def mkdir(self, mode=0o777, parents=False, exist_ok=False):
        """
        Create a new directory at this given path.
        """
        try:
&gt;           os.mkdir(self, mode)
E           FileNotFoundError: [WinError 3] The system cannot find the path specified: 'C:\\Users\\syahn\\source\\litinerary\\backend\\tests\\.artifacts\\tmp\\pytest'

..\..\..\AppData\Local\Programs\Python\Python314\Lib\pathlib\__init__.py:1016: FileNotFoundError</error></testcase><testcase classname="backend.tests.test_google_places_poi_adapter" name="test_live_google_places_integration_skipped_by_default" time="0.000"><skipped type="pytest.skip" message="Live Google Places integration requires explicit credentials and opt-in.">C:\Users\syahn\source\litinerary\backend\tests\test_google_places_poi_adapter.py:279: Live Google Places integration requires explicit credentials and opt-in.</skipped></testcase><testcase classname="backend.tests.test_live_llm_preflight" name="test_live_llm_local_env_template_contains_placeholders_only" time="0.002" /><testcase classname="backend.tests.test_live_llm_preflight" name="test_preflight_reports_missing_credentials_without_secret_values" time="0.001"><error message="failed on setup with &quot;FileNotFoundError: [WinError 3] The system cannot find the path specified: 'C:\\Users\\syahn\\source\\litinerary\\backend\\tests\\.artifacts\\tmp\\pytest'&quot;">self = WindowsPath('C:/Users/syahn/source/litinerary/backend/tests/.artifacts/tmp/pytest')
mode = 448, parents = False, exist_ok = False

    def mkdir(self, mode=0o777, parents=False, exist_ok=False):
        """
        Create a new directory at this given path.
        """
        try:
&gt;           os.mkdir(self, mode)
E           FileNotFoundError: [WinError 3] The system cannot find the path specified: 'C:\\Users\\syahn\\source\\litinerary\\backend\\tests\\.artifacts\\tmp\\pytest'

..\..\..\AppData\Local\Programs\Python\Python314\Lib\pathlib\__init__.py:1016: FileNotFoundError</error></testcase><testcase classname="backend.tests.test_live_llm_preflight" name="test_preflight_reports_ready_with_fake_local_env_without_printing_secret" time="0.001"><error message="failed on setup with &quot;FileNotFoundError: [WinError 3] The system cannot find the path specified: 'C:\\Users\\syahn\\source\\litinerary\\backend\\tests\\.artifacts\\tmp\\pytest'&quot;">self = WindowsPath('C:/Users/syahn/source/litinerary/backend/tests/.artifacts/tmp/pytest')
mode = 448, parents = False, exist_ok = False

    def mkdir(self, mode=0o777, parents=False, exist_ok=False):
        """
        Create a new directory at this given path.
        """
        try:
&gt;           os.mkdir(self, mode)
E           FileNotFoundError: [WinError 3] The system cannot find the path specified: 'C:\\Users\\syahn\\source\\litinerary\\backend\\tests\\.artifacts\\tmp\\pytest'

..\..\..\AppData\Local\Programs\Python\Python314\Lib\pathlib\__init__.py:1016: FileNotFoundError</error></testcase><testcase classname="backend.tests.test_live_llm_preflight" name="test_preflight_does_not_treat_template_placeholders_as_credentials" time="0.001"><error message="failed on setup with &quot;FileNotFoundError: [WinError 3] The system cannot find the path specified: 'C:\\Users\\syahn\\source\\litinerary\\backend\\tests\\.artifacts\\tmp\\pytest'&quot;">self = WindowsPath('C:/Users/syahn/source/litinerary/backend/tests/.artifacts/tmp/pytest')
mode = 448, parents = False, exist_ok = False

    def mkdir(self, mode=0o777, parents=False, exist_ok=False):
        """
        Create a new directory at this given path.
        """
        try:
&gt;           os.mkdir(self, mode)
E           FileNotFoundError: [WinError 3] The system cannot find the path specified: 'C:\\Users\\syahn\\source\\litinerary\\backend\\tests\\.artifacts\\tmp\\pytest'

..\..\..\AppData\Local\Programs\Python\Python314\Lib\pathlib\__init__.py:1016: FileNotFoundError</error></testcase><testcase classname="backend.tests.test_live_llm_preflight" name="test_network_preflight_redacts_credentials_and_proxy_values" time="0.001"><error message="failed on setup with &quot;FileNotFoundError: [WinError 3] The system cannot find the path specified: 'C:\\Users\\syahn\\source\\litinerary\\backend\\tests\\.artifacts\\tmp\\pytest'&quot;">self = WindowsPath('C:/Users/syahn/source/litinerary/backend/tests/.artifacts/tmp/pytest')
mode = 448, parents = False, exist_ok = False

    def mkdir(self, mode=0o777, parents=False, exist_ok=False):
        """
        Create a new directory at this given path.
        """
        try:
&gt;           os.mkdir(self, mode)
E           FileNotFoundError: [WinError 3] The system cannot find the path specified: 'C:\\Users\\syahn\\source\\litinerary\\backend\\tests\\.artifacts\\tmp\\pytest'

..\..\..\AppData\Local\Programs\Python\Python314\Lib\pathlib\__init__.py:1016: FileNotFoundError</error></testcase><testcase classname="backend.tests.test_mock_ai_service" name="test_mock_ai_pipeline_generates_deterministic_candidate" time="0.002" /><testcase classname="backend.tests.test_mock_ai_service" name="test_mock_judge_rejects_empty_or_malformed_itinerary" time="0.001" /><testcase classname="backend.tests.test_mock_ai_service" name="test_mock_judge_rejects_stops_without_coordinates" time="0.001" /><testcase classname="backend.tests.test_mock_ai_service" name="test_generation_endpoint_returns_clear_error_when_mock_judge_rejects" time="0.001"><error message="failed on setup with &quot;FileNotFoundError: [WinError 3] The system cannot find the path specified: 'C:\\Users\\syahn\\source\\litinerary\\backend\\tests\\.artifacts\\tmp\\pytest'&quot;">self = WindowsPath('C:/Users/syahn/source/litinerary/backend/tests/.artifacts/tmp/pytest')
mode = 448, parents = False, exist_ok = False

    def mkdir(self, mode=0o777, parents=False, exist_ok=False):
        """
        Create a new directory at this given path.
        """
        try:
&gt;           os.mkdir(self, mode)
E           FileNotFoundError: [WinError 3] The system cannot find the path specified: 'C:\\Users\\syahn\\source\\litinerary\\backend\\tests\\.artifacts\\tmp\\pytest'

..\..\..\AppData\Local\Programs\Python\Python314\Lib\pathlib\__init__.py:1016: FileNotFoundError</error></testcase><testcase classname="backend.tests.test_model_metadata_migrations" name="test_seeded_itineraries_have_visibility_and_provenance_defaults" time="0.001"><error message="failed on setup with &quot;FileNotFoundError: [WinError 3] The system cannot find the path specified: 'C:\\Users\\syahn\\source\\litinerary\\backend\\tests\\.artifacts\\tmp\\pytest'&quot;">self = WindowsPath('C:/Users/syahn/source/litinerary/backend/tests/.artifacts/tmp/pytest')
mode = 448, parents = False, exist_ok = False

    def mkdir(self, mode=0o777, parents=False, exist_ok=False):
        """
        Create a new directory at this given path.
        """
        try:
&gt;           os.mkdir(self, mode)
E           FileNotFoundError: [WinError 3] The system cannot find the path specified: 'C:\\Users\\syahn\\source\\litinerary\\backend\\tests\\.artifacts\\tmp\\pytest'

..\..\..\AppData\Local\Programs\Python\Python314\Lib\pathlib\__init__.py:1016: FileNotFoundError</error></testcase><testcase classname="backend.tests.test_model_metadata_migrations" name="test_private_itineraries_are_not_exposed_by_public_repository" time="0.001"><error message="failed on setup with &quot;FileNotFoundError: [WinError 3] The system cannot find the path specified: 'C:\\Users\\syahn\\source\\litinerary\\backend\\tests\\.artifacts\\tmp\\pytest'&quot;">self = WindowsPath('C:/Users/syahn/source/litinerary/backend/tests/.artifacts/tmp/pytest')
mode = 448, parents = False, exist_ok = False

    def mkdir(self, mode=0o777, parents=False, exist_ok=False):
        """
        Create a new directory at this given path.
        """
        try:
&gt;           os.mkdir(self, mode)
E           FileNotFoundError: [WinError 3] The system cannot find the path specified: 'C:\\Users\\syahn\\source\\litinerary\\backend\\tests\\.artifacts\\tmp\\pytest'

..\..\..\AppData\Local\Programs\Python\Python314\Lib\pathlib\__init__.py:1016: FileNotFoundError</error></testcase><testcase classname="backend.tests.test_model_metadata_migrations" name="test_user_profile_includes_auth_role_and_subscription_fields" time="0.001"><error message="failed on setup with &quot;FileNotFoundError: [WinError 3] The system cannot find the path specified: 'C:\\Users\\syahn\\source\\litinerary\\backend\\tests\\.artifacts\\tmp\\pytest'&quot;">self = WindowsPath('C:/Users/syahn/source/litinerary/backend/tests/.artifacts/tmp/pytest')
mode = 448, parents = False, exist_ok = False

    def mkdir(self, mode=0o777, parents=False, exist_ok=False):
        """
        Create a new directory at this given path.
        """
        try:
&gt;           os.mkdir(self, mode)
E           FileNotFoundError: [WinError 3] The system cannot find the path specified: 'C:\\Users\\syahn\\source\\litinerary\\backend\\tests\\.artifacts\\tmp\\pytest'

..\..\..\AppData\Local\Programs\Python\Python314\Lib\pathlib\__init__.py:1016: FileNotFoundError</error></testcase><testcase classname="backend.tests.test_model_metadata_migrations" name="test_ingestion_source_licensing_and_artifact_provenance_round_trip" time="0.001"><error message="failed on setup with &quot;FileNotFoundError: [WinError 3] The system cannot find the path specified: 'C:\\Users\\syahn\\source\\litinerary\\backend\\tests\\.artifacts\\tmp\\pytest'&quot;">self = WindowsPath('C:/Users/syahn/source/litinerary/backend/tests/.artifacts/tmp/pytest')
mode = 448, parents = False, exist_ok = False

    def mkdir(self, mode=0o777, parents=False, exist_ok=False):
        """
        Create a new directory at this given path.
        """
        try:
&gt;           os.mkdir(self, mode)
E           FileNotFoundError: [WinError 3] The system cannot find the path specified: 'C:\\Users\\syahn\\source\\litinerary\\backend\\tests\\.artifacts\\tmp\\pytest'

..\..\..\AppData\Local\Programs\Python\Python314\Lib\pathlib\__init__.py:1016: FileNotFoundError</error></testcase><testcase classname="backend.tests.test_model_metadata_migrations" name="test_poi_verification_state_and_provenance_fields_are_persisted" time="0.001"><error message="failed on setup with &quot;FileNotFoundError: [WinError 3] The system cannot find the path specified: 'C:\\Users\\syahn\\source\\litinerary\\backend\\tests\\.artifacts\\tmp\\pytest'&quot;">self = WindowsPath('C:/Users/syahn/source/litinerary/backend/tests/.artifacts/tmp/pytest')
mode = 448, parents = False, exist_ok = False

    def mkdir(self, mode=0o777, parents=False, exist_ok=False):
        """
        Create a new directory at this given path.
        """
        try:
&gt;           os.mkdir(self, mode)
E           FileNotFoundError: [WinError 3] The system cannot find the path specified: 'C:\\Users\\syahn\\source\\litinerary\\backend\\tests\\.artifacts\\tmp\\pytest'

..\..\..\AppData\Local\Programs\Python\Python314\Lib\pathlib\__init__.py:1016: FileNotFoundError</error></testcase><testcase classname="backend.tests.test_model_metadata_migrations" name="test_embedding_record_model_supports_future_vector_metadata" time="0.001"><error message="failed on setup with &quot;FileNotFoundError: [WinError 3] The system cannot find the path specified: 'C:\\Users\\syahn\\source\\litinerary\\backend\\tests\\.artifacts\\tmp\\pytest'&quot;">self = WindowsPath('C:/Users/syahn/source/litinerary/backend/tests/.artifacts/tmp/pytest')
mode = 448, parents = False, exist_ok = False

    def mkdir(self, mode=0o777, parents=False, exist_ok=False):
        """
        Create a new directory at this given path.
        """
        try:
&gt;           os.mkdir(self, mode)
E           FileNotFoundError: [WinError 3] The system cannot find the path specified: 'C:\\Users\\syahn\\source\\litinerary\\backend\\tests\\.artifacts\\tmp\\pytest'

..\..\..\AppData\Local\Programs\Python\Python314\Lib\pathlib\__init__.py:1016: FileNotFoundError</error></testcase><testcase classname="backend.tests.test_mvp_api" name="test_health_endpoint_returns_ok" time="0.001"><error message="failed on setup with &quot;FileNotFoundError: [WinError 3] The system cannot find the path specified: 'C:\\Users\\syahn\\source\\litinerary\\backend\\tests\\.artifacts\\tmp\\pytest'&quot;">self = WindowsPath('C:/Users/syahn/source/litinerary/backend/tests/.artifacts/tmp/pytest')
mode = 448, parents = False, exist_ok = False

    def mkdir(self, mode=0o777, parents=False, exist_ok=False):
        """
        Create a new directory at this given path.
        """
        try:
&gt;           os.mkdir(self, mode)
E           FileNotFoundError: [WinError 3] The system cannot find the path specified: 'C:\\Users\\syahn\\source\\litinerary\\backend\\tests\\.artifacts\\tmp\\pytest'

..\..\..\AppData\Local\Programs\Python\Python314\Lib\pathlib\__init__.py:1016: FileNotFoundError</error></testcase><testcase classname="backend.tests.test_mvp_api" name="test_destination_listing_returns_supported_mock_destinations" time="0.001"><error message="failed on setup with &quot;FileNotFoundError: [WinError 3] The system cannot find the path specified: 'C:\\Users\\syahn\\source\\litinerary\\backend\\tests\\.artifacts\\tmp\\pytest'&quot;">self = WindowsPath('C:/Users/syahn/source/litinerary/backend/tests/.artifacts/tmp/pytest')
mode = 448, parents = False, exist_ok = False

    def mkdir(self, mode=0o777, parents=False, exist_ok=False):
        """
        Create a new directory at this given path.
        """
        try:
&gt;           os.mkdir(self, mode)
E           FileNotFoundError: [WinError 3] The system cannot find the path specified: 'C:\\Users\\syahn\\source\\litinerary\\backend\\tests\\.artifacts\\tmp\\pytest'

..\..\..\AppData\Local\Programs\Python\Python314\Lib\pathlib\__init__.py:1016: FileNotFoundError</error></testcase><testcase classname="backend.tests.test_mvp_api" name="test_book_listing_by_city_returns_only_books_for_that_city" time="0.001"><error message="failed on setup with &quot;FileNotFoundError: [WinError 3] The system cannot find the path specified: 'C:\\Users\\syahn\\source\\litinerary\\backend\\tests\\.artifacts\\tmp\\pytest'&quot;">self = WindowsPath('C:/Users/syahn/source/litinerary/backend/tests/.artifacts/tmp/pytest')
mode = 448, parents = False, exist_ok = False

    def mkdir(self, mode=0o777, parents=False, exist_ok=False):
        """
        Create a new directory at this given path.
        """
        try:
&gt;           os.mkdir(self, mode)
E           FileNotFoundError: [WinError 3] The system cannot find the path specified: 'C:\\Users\\syahn\\source\\litinerary\\backend\\tests\\.artifacts\\tmp\\pytest'

..\..\..\AppData\Local\Programs\Python\Python314\Lib\pathlib\__init__.py:1016: FileNotFoundError</error></testcase><testcase classname="backend.tests.test_mvp_api" name="test_itinerary_generation_rejects_invalid_request_shape" time="0.001"><error message="failed on setup with &quot;FileNotFoundError: [WinError 3] The system cannot find the path specified: 'C:\\Users\\syahn\\source\\litinerary\\backend\\tests\\.artifacts\\tmp\\pytest'&quot;">self = WindowsPath('C:/Users/syahn/source/litinerary/backend/tests/.artifacts/tmp/pytest')
mode = 448, parents = False, exist_ok = False

    def mkdir(self, mode=0o777, parents=False, exist_ok=False):
        """
        Create a new directory at this given path.
        """
        try:
&gt;           os.mkdir(self, mode)
E           FileNotFoundError: [WinError 3] The system cannot find the path specified: 'C:\\Users\\syahn\\source\\litinerary\\backend\\tests\\.artifacts\\tmp\\pytest'

..\..\..\AppData\Local\Programs\Python\Python314\Lib\pathlib\__init__.py:1016: FileNotFoundError</error></testcase><testcase classname="backend.tests.test_mvp_api" name="test_itinerary_generation_returns_exact_repository_match" time="0.001"><error message="failed on setup with &quot;FileNotFoundError: [WinError 3] The system cannot find the path specified: 'C:\\Users\\syahn\\source\\litinerary\\backend\\tests\\.artifacts\\tmp\\pytest'&quot;">self = WindowsPath('C:/Users/syahn/source/litinerary/backend/tests/.artifacts/tmp/pytest')
mode = 448, parents = False, exist_ok = False

    def mkdir(self, mode=0o777, parents=False, exist_ok=False):
        """
        Create a new directory at this given path.
        """
        try:
&gt;           os.mkdir(self, mode)
E           FileNotFoundError: [WinError 3] The system cannot find the path specified: 'C:\\Users\\syahn\\source\\litinerary\\backend\\tests\\.artifacts\\tmp\\pytest'

..\..\..\AppData\Local\Programs\Python\Python314\Lib\pathlib\__init__.py:1016: FileNotFoundError</error></testcase><testcase classname="backend.tests.test_mvp_api" name="test_itinerary_generation_adapts_partial_repository_match" time="0.001"><error message="failed on setup with &quot;FileNotFoundError: [WinError 3] The system cannot find the path specified: 'C:\\Users\\syahn\\source\\litinerary\\backend\\tests\\.artifacts\\tmp\\pytest'&quot;">self = WindowsPath('C:/Users/syahn/source/litinerary/backend/tests/.artifacts/tmp/pytest')
mode = 448, parents = False, exist_ok = False

    def mkdir(self, mode=0o777, parents=False, exist_ok=False):
        """
        Create a new directory at this given path.
        """
        try:
&gt;           os.mkdir(self, mode)
E           FileNotFoundError: [WinError 3] The system cannot find the path specified: 'C:\\Users\\syahn\\source\\litinerary\\backend\\tests\\.artifacts\\tmp\\pytest'

..\..\..\AppData\Local\Programs\Python\Python314\Lib\pathlib\__init__.py:1016: FileNotFoundError</error></testcase><testcase classname="backend.tests.test_mvp_api" name="test_itinerary_generation_creates_new_mock_itinerary_when_no_match_exists" time="0.001"><error message="failed on setup with &quot;FileNotFoundError: [WinError 3] The system cannot find the path specified: 'C:\\Users\\syahn\\source\\litinerary\\backend\\tests\\.artifacts\\tmp\\pytest'&quot;">self = WindowsPath('C:/Users/syahn/source/litinerary/backend/tests/.artifacts/tmp/pytest')
mode = 448, parents = False, exist_ok = False

    def mkdir(self, mode=0o777, parents=False, exist_ok=False):
        """
        Create a new directory at this given path.
        """
        try:
&gt;           os.mkdir(self, mode)
E           FileNotFoundError: [WinError 3] The system cannot find the path specified: 'C:\\Users\\syahn\\source\\litinerary\\backend\\tests\\.artifacts\\tmp\\pytest'

..\..\..\AppData\Local\Programs\Python\Python314\Lib\pathlib\__init__.py:1016: FileNotFoundError</error></testcase><testcase classname="backend.tests.test_mvp_api" name="test_itinerary_detail_lookup_returns_seeded_repository_itinerary" time="0.001"><error message="failed on setup with &quot;FileNotFoundError: [WinError 3] The system cannot find the path specified: 'C:\\Users\\syahn\\source\\litinerary\\backend\\tests\\.artifacts\\tmp\\pytest'&quot;">self = WindowsPath('C:/Users/syahn/source/litinerary/backend/tests/.artifacts/tmp/pytest')
mode = 448, parents = False, exist_ok = False

    def mkdir(self, mode=0o777, parents=False, exist_ok=False):
        """
        Create a new directory at this given path.
        """
        try:
&gt;           os.mkdir(self, mode)
E           FileNotFoundError: [WinError 3] The system cannot find the path specified: 'C:\\Users\\syahn\\source\\litinerary\\backend\\tests\\.artifacts\\tmp\\pytest'

..\..\..\AppData\Local\Programs\Python\Python314\Lib\pathlib\__init__.py:1016: FileNotFoundError</error></testcase><testcase classname="backend.tests.test_mvp_api" name="test_invalid_city_book_and_itinerary_ids_return_errors" time="0.001"><error message="failed on setup with &quot;FileNotFoundError: [WinError 3] The system cannot find the path specified: 'C:\\Users\\syahn\\source\\litinerary\\backend\\tests\\.artifacts\\tmp\\pytest'&quot;">self = WindowsPath('C:/Users/syahn/source/litinerary/backend/tests/.artifacts/tmp/pytest')
mode = 448, parents = False, exist_ok = False

    def mkdir(self, mode=0o777, parents=False, exist_ok=False):
        """
        Create a new directory at this given path.
        """
        try:
&gt;           os.mkdir(self, mode)
E           FileNotFoundError: [WinError 3] The system cannot find the path specified: 'C:\\Users\\syahn\\source\\litinerary\\backend\\tests\\.artifacts\\tmp\\pytest'

..\..\..\AppData\Local\Programs\Python\Python314\Lib\pathlib\__init__.py:1016: FileNotFoundError</error></testcase><testcase classname="backend.tests.test_narration_service" name="test_narration_generation_uses_itinerary_days_and_stops" time="0.003" /><testcase classname="backend.tests.test_narration_service" name="test_placeholder_audio_metadata_is_explicit_and_local_only" time="0.002" /><testcase classname="backend.tests.test_narration_service" name="test_mock_tts_provider_remains_default" time="0.001" /><testcase classname="backend.tests.test_narration_service" name="test_missing_real_tts_config_is_safe" time="0.001" /><testcase classname="backend.tests.test_narration_service" name="test_narration_api_endpoints_return_text_fallback" time="0.001"><error message="failed on setup with &quot;FileNotFoundError: [WinError 3] The system cannot find the path specified: 'C:\\Users\\syahn\\source\\litinerary\\backend\\tests\\.artifacts\\tmp\\pytest'&quot;">self = WindowsPath('C:/Users/syahn/source/litinerary/backend/tests/.artifacts/tmp/pytest')
mode = 448, parents = False, exist_ok = False

    def mkdir(self, mode=0o777, parents=False, exist_ok=False):
        """
        Create a new directory at this given path.
        """
        try:
&gt;           os.mkdir(self, mode)
E           FileNotFoundError: [WinError 3] The system cannot find the path specified: 'C:\\Users\\syahn\\source\\litinerary\\backend\\tests\\.artifacts\\tmp\\pytest'

..\..\..\AppData\Local\Programs\Python\Python314\Lib\pathlib\__init__.py:1016: FileNotFoundError</error></testcase><testcase classname="backend.tests.test_negative_security_paths" name="test_invalid_public_catalog_and_repository_inputs_return_errors" time="0.001"><error message="failed on setup with &quot;FileNotFoundError: [WinError 3] The system cannot find the path specified: 'C:\\Users\\syahn\\source\\litinerary\\backend\\tests\\.artifacts\\tmp\\pytest'&quot;">self = WindowsPath('C:/Users/syahn/source/litinerary/backend/tests/.artifacts/tmp/pytest')
mode = 448, parents = False, exist_ok = False

    def mkdir(self, mode=0o777, parents=False, exist_ok=False):
        """
        Create a new directory at this given path.
        """
        try:
&gt;           os.mkdir(self, mode)
E           FileNotFoundError: [WinError 3] The system cannot find the path specified: 'C:\\Users\\syahn\\source\\litinerary\\backend\\tests\\.artifacts\\tmp\\pytest'

..\..\..\AppData\Local\Programs\Python\Python314\Lib\pathlib\__init__.py:1016: FileNotFoundError</error></testcase><testcase classname="backend.tests.test_negative_security_paths" name="test_malformed_generation_requests_are_rejected[payload0]" time="0.001"><error message="failed on setup with &quot;FileNotFoundError: [WinError 3] The system cannot find the path specified: 'C:\\Users\\syahn\\source\\litinerary\\backend\\tests\\.artifacts\\tmp\\pytest'&quot;">self = WindowsPath('C:/Users/syahn/source/litinerary/backend/tests/.artifacts/tmp/pytest')
mode = 448, parents = False, exist_ok = False

    def mkdir(self, mode=0o777, parents=False, exist_ok=False):
        """
        Create a new directory at this given path.
        """
        try:
&gt;           os.mkdir(self, mode)
E           FileNotFoundError: [WinError 3] The system cannot find the path specified: 'C:\\Users\\syahn\\source\\litinerary\\backend\\tests\\.artifacts\\tmp\\pytest'

..\..\..\AppData\Local\Programs\Python\Python314\Lib\pathlib\__init__.py:1016: FileNotFoundError</error></testcase><testcase classname="backend.tests.test_negative_security_paths" name="test_malformed_generation_requests_are_rejected[payload1]" time="0.001"><error message="failed on setup with &quot;FileNotFoundError: [WinError 3] The system cannot find the path specified: 'C:\\Users\\syahn\\source\\litinerary\\backend\\tests\\.artifacts\\tmp\\pytest'&quot;">self = WindowsPath('C:/Users/syahn/source/litinerary/backend/tests/.artifacts/tmp/pytest')
mode = 448, parents = False, exist_ok = False

    def mkdir(self, mode=0o777, parents=False, exist_ok=False):
        """
        Create a new directory at this given path.
        """
        try:
&gt;           os.mkdir(self, mode)
E           FileNotFoundError: [WinError 3] The system cannot find the path specified: 'C:\\Users\\syahn\\source\\litinerary\\backend\\tests\\.artifacts\\tmp\\pytest'

..\..\..\AppData\Local\Programs\Python\Python314\Lib\pathlib\__init__.py:1016: FileNotFoundError</error></testcase><testcase classname="backend.tests.test_negative_security_paths" name="test_malformed_generation_requests_are_rejected[payload2]" time="0.001"><error message="failed on setup with &quot;FileNotFoundError: [WinError 3] The system cannot find the path specified: 'C:\\Users\\syahn\\source\\litinerary\\backend\\tests\\.artifacts\\tmp\\pytest'&quot;">self = WindowsPath('C:/Users/syahn/source/litinerary/backend/tests/.artifacts/tmp/pytest')
mode = 448, parents = False, exist_ok = False

    def mkdir(self, mode=0o777, parents=False, exist_ok=False):
        """
        Create a new directory at this given path.
        """
        try:
&gt;           os.mkdir(self, mode)
E           FileNotFoundError: [WinError 3] The system cannot find the path specified: 'C:\\Users\\syahn\\source\\litinerary\\backend\\tests\\.artifacts\\tmp\\pytest'

..\..\..\AppData\Local\Programs\Python\Python314\Lib\pathlib\__init__.py:1016: FileNotFoundError</error></testcase><testcase classname="backend.tests.test_negative_security_paths" name="test_malformed_generation_requests_are_rejected[payload3]" time="0.001"><error message="failed on setup with &quot;FileNotFoundError: [WinError 3] The system cannot find the path specified: 'C:\\Users\\syahn\\source\\litinerary\\backend\\tests\\.artifacts\\tmp\\pytest'&quot;">self = WindowsPath('C:/Users/syahn/source/litinerary/backend/tests/.artifacts/tmp/pytest')
mode = 448, parents = False, exist_ok = False

    def mkdir(self, mode=0o777, parents=False, exist_ok=False):
        """
        Create a new directory at this given path.
        """
        try:
&gt;           os.mkdir(self, mode)
E           FileNotFoundError: [WinError 3] The system cannot find the path specified: 'C:\\Users\\syahn\\source\\litinerary\\backend\\tests\\.artifacts\\tmp\\pytest'

..\..\..\AppData\Local\Programs\Python\Python314\Lib\pathlib\__init__.py:1016: FileNotFoundError</error></testcase><testcase classname="backend.tests.test_negative_security_paths" name="test_generation_rejects_unknown_destination_and_book" time="0.001"><error message="failed on setup with &quot;FileNotFoundError: [WinError 3] The system cannot find the path specified: 'C:\\Users\\syahn\\source\\litinerary\\backend\\tests\\.artifacts\\tmp\\pytest'&quot;">self = WindowsPath('C:/Users/syahn/source/litinerary/backend/tests/.artifacts/tmp/pytest')
mode = 448, parents = False, exist_ok = False

    def mkdir(self, mode=0o777, parents=False, exist_ok=False):
        """
        Create a new directory at this given path.
        """
        try:
&gt;           os.mkdir(self, mode)
E           FileNotFoundError: [WinError 3] The system cannot find the path specified: 'C:\\Users\\syahn\\source\\litinerary\\backend\\tests\\.artifacts\\tmp\\pytest'

..\..\..\AppData\Local\Programs\Python\Python314\Lib\pathlib\__init__.py:1016: FileNotFoundError</error></testcase><testcase classname="backend.tests.test_negative_security_paths" name="test_generation_returns_404_when_no_local_pois_are_available" time="0.001"><error message="failed on setup with &quot;FileNotFoundError: [WinError 3] The system cannot find the path specified: 'C:\\Users\\syahn\\source\\litinerary\\backend\\tests\\.artifacts\\tmp\\pytest'&quot;">self = WindowsPath('C:/Users/syahn/source/litinerary/backend/tests/.artifacts/tmp/pytest')
mode = 448, parents = False, exist_ok = False

    def mkdir(self, mode=0o777, parents=False, exist_ok=False):
        """
        Create a new directory at this given path.
        """
        try:
&gt;           os.mkdir(self, mode)
E           FileNotFoundError: [WinError 3] The system cannot find the path specified: 'C:\\Users\\syahn\\source\\litinerary\\backend\\tests\\.artifacts\\tmp\\pytest'

..\..\..\AppData\Local\Programs\Python\Python314\Lib\pathlib\__init__.py:1016: FileNotFoundError</error></testcase><testcase classname="backend.tests.test_negative_security_paths" name="test_mock_judge_rejection_returns_clear_backend_error" time="0.001"><error message="failed on setup with &quot;FileNotFoundError: [WinError 3] The system cannot find the path specified: 'C:\\Users\\syahn\\source\\litinerary\\backend\\tests\\.artifacts\\tmp\\pytest'&quot;">self = WindowsPath('C:/Users/syahn/source/litinerary/backend/tests/.artifacts/tmp/pytest')
mode = 448, parents = False, exist_ok = False

    def mkdir(self, mode=0o777, parents=False, exist_ok=False):
        """
        Create a new directory at this given path.
        """
        try:
&gt;           os.mkdir(self, mode)
E           FileNotFoundError: [WinError 3] The system cannot find the path specified: 'C:\\Users\\syahn\\source\\litinerary\\backend\\tests\\.artifacts\\tmp\\pytest'

..\..\..\AppData\Local\Programs\Python\Python314\Lib\pathlib\__init__.py:1016: FileNotFoundError</error></testcase><testcase classname="backend.tests.test_negative_security_paths" name="test_invalid_user_review_and_preference_payloads_are_rejected" time="0.002"><error message="failed on setup with &quot;FileNotFoundError: [WinError 3] The system cannot find the path specified: 'C:\\Users\\syahn\\source\\litinerary\\backend\\tests\\.artifacts\\tmp\\pytest'&quot;">self = WindowsPath('C:/Users/syahn/source/litinerary/backend/tests/.artifacts/tmp/pytest')
mode = 448, parents = False, exist_ok = False

    def mkdir(self, mode=0o777, parents=False, exist_ok=False):
        """
        Create a new directory at this given path.
        """
        try:
&gt;           os.mkdir(self, mode)
E           FileNotFoundError: [WinError 3] The system cannot find the path specified: 'C:\\Users\\syahn\\source\\litinerary\\backend\\tests\\.artifacts\\tmp\\pytest'

..\..\..\AppData\Local\Programs\Python\Python314\Lib\pathlib\__init__.py:1016: FileNotFoundError</error></testcase><testcase classname="backend.tests.test_negative_security_paths" name="test_invalid_bookmark_operations_return_errors" time="0.001"><error message="failed on setup with &quot;FileNotFoundError: [WinError 3] The system cannot find the path specified: 'C:\\Users\\syahn\\source\\litinerary\\backend\\tests\\.artifacts\\tmp\\pytest'&quot;">self = WindowsPath('C:/Users/syahn/source/litinerary/backend/tests/.artifacts/tmp/pytest')
mode = 448, parents = False, exist_ok = False

    def mkdir(self, mode=0o777, parents=False, exist_ok=False):
        """
        Create a new directory at this given path.
        """
        try:
&gt;           os.mkdir(self, mode)
E           FileNotFoundError: [WinError 3] The system cannot find the path specified: 'C:\\Users\\syahn\\source\\litinerary\\backend\\tests\\.artifacts\\tmp\\pytest'

..\..\..\AppData\Local\Programs\Python\Python314\Lib\pathlib\__init__.py:1016: FileNotFoundError</error></testcase><testcase classname="backend.tests.test_negative_security_paths" name="test_duplicate_bookmarks_are_idempotent_and_nonexistent_remove_is_safe" time="0.001"><error message="failed on setup with &quot;FileNotFoundError: [WinError 3] The system cannot find the path specified: 'C:\\Users\\syahn\\source\\litinerary\\backend\\tests\\.artifacts\\tmp\\pytest'&quot;">self = WindowsPath('C:/Users/syahn/source/litinerary/backend/tests/.artifacts/tmp/pytest')
mode = 448, parents = False, exist_ok = False

    def mkdir(self, mode=0o777, parents=False, exist_ok=False):
        """
        Create a new directory at this given path.
        """
        try:
&gt;           os.mkdir(self, mode)
E           FileNotFoundError: [WinError 3] The system cannot find the path specified: 'C:\\Users\\syahn\\source\\litinerary\\backend\\tests\\.artifacts\\tmp\\pytest'

..\..\..\AppData\Local\Programs\Python\Python314\Lib\pathlib\__init__.py:1016: FileNotFoundError</error></testcase><testcase classname="backend.tests.test_negative_security_paths" name="test_user_bookmark_collections_are_scoped_by_path_user_id" time="0.001"><error message="failed on setup with &quot;FileNotFoundError: [WinError 3] The system cannot find the path specified: 'C:\\Users\\syahn\\source\\litinerary\\backend\\tests\\.artifacts\\tmp\\pytest'&quot;">self = WindowsPath('C:/Users/syahn/source/litinerary/backend/tests/.artifacts/tmp/pytest')
mode = 448, parents = False, exist_ok = False

    def mkdir(self, mode=0o777, parents=False, exist_ok=False):
        """
        Create a new directory at this given path.
        """
        try:
&gt;           os.mkdir(self, mode)
E           FileNotFoundError: [WinError 3] The system cannot find the path specified: 'C:\\Users\\syahn\\source\\litinerary\\backend\\tests\\.artifacts\\tmp\\pytest'

..\..\..\AppData\Local\Programs\Python\Python314\Lib\pathlib\__init__.py:1016: FileNotFoundError</error></testcase><testcase classname="backend.tests.test_negative_security_paths" name="test_user_specific_recommendations_do_not_mix_vector_interest_metadata" time="0.001"><error message="failed on setup with &quot;FileNotFoundError: [WinError 3] The system cannot find the path specified: 'C:\\Users\\syahn\\source\\litinerary\\backend\\tests\\.artifacts\\tmp\\pytest'&quot;">self = WindowsPath('C:/Users/syahn/source/litinerary/backend/tests/.artifacts/tmp/pytest')
mode = 448, parents = False, exist_ok = False

    def mkdir(self, mode=0o777, parents=False, exist_ok=False):
        """
        Create a new directory at this given path.
        """
        try:
&gt;           os.mkdir(self, mode)
E           FileNotFoundError: [WinError 3] The system cannot find the path specified: 'C:\\Users\\syahn\\source\\litinerary\\backend\\tests\\.artifacts\\tmp\\pytest'

..\..\..\AppData\Local\Programs\Python\Python314\Lib\pathlib\__init__.py:1016: FileNotFoundError</error></testcase><testcase classname="backend.tests.test_negative_security_paths" name="test_admin_routes_can_be_disabled_by_flag" time="0.001"><error message="failed on setup with &quot;FileNotFoundError: [WinError 3] The system cannot find the path specified: 'C:\\Users\\syahn\\source\\litinerary\\backend\\tests\\.artifacts\\tmp\\pytest'&quot;">self = WindowsPath('C:/Users/syahn/source/litinerary/backend/tests/.artifacts/tmp/pytest')
mode = 448, parents = False, exist_ok = False

    def mkdir(self, mode=0o777, parents=False, exist_ok=False):
        """
        Create a new directory at this given path.
        """
        try:
&gt;           os.mkdir(self, mode)
E           FileNotFoundError: [WinError 3] The system cannot find the path specified: 'C:\\Users\\syahn\\source\\litinerary\\backend\\tests\\.artifacts\\tmp\\pytest'

..\..\..\AppData\Local\Programs\Python\Python314\Lib\pathlib\__init__.py:1016: FileNotFoundError</error></testcase><testcase classname="backend.tests.test_negative_security_paths" name="test_debug_routes_can_be_disabled_by_flag" time="0.003"><error message="failed on setup with &quot;FileNotFoundError: [WinError 3] The system cannot find the path specified: 'C:\\Users\\syahn\\source\\litinerary\\backend\\tests\\.artifacts\\tmp\\pytest'&quot;">self = WindowsPath('C:/Users/syahn/source/litinerary/backend/tests/.artifacts/tmp/pytest')
mode = 448, parents = False, exist_ok = False

    def mkdir(self, mode=0o777, parents=False, exist_ok=False):
        """
        Create a new directory at this given path.
        """
        try:
&gt;           os.mkdir(self, mode)
E           FileNotFoundError: [WinError 3] The system cannot find the path specified: 'C:\\Users\\syahn\\source\\litinerary\\backend\\tests\\.artifacts\\tmp\\pytest'

..\..\..\AppData\Local\Programs\Python\Python314\Lib\pathlib\__init__.py:1016: FileNotFoundError</error></testcase><testcase classname="backend.tests.test_negative_security_paths" name="test_invalid_provider_names_fail_clearly" time="0.001" /><testcase classname="backend.tests.test_negative_security_paths" name="test_production_does_not_enable_mock_services_by_default" time="0.001" /><testcase classname="backend.tests.test_observability" name="test_health_endpoint_returns_request_id_header" time="0.001"><error message="failed on setup with &quot;FileNotFoundError: [WinError 3] The system cannot find the path specified: 'C:\\Users\\syahn\\source\\litinerary\\backend\\tests\\.artifacts\\tmp\\pytest'&quot;">self = WindowsPath('C:/Users/syahn/source/litinerary/backend/tests/.artifacts/tmp/pytest')
mode = 448, parents = False, exist_ok = False

    def mkdir(self, mode=0o777, parents=False, exist_ok=False):
        """
        Create a new directory at this given path.
        """
        try:
&gt;           os.mkdir(self, mode)
E           FileNotFoundError: [WinError 3] The system cannot find the path specified: 'C:\\Users\\syahn\\source\\litinerary\\backend\\tests\\.artifacts\\tmp\\pytest'

..\..\..\AppData\Local\Programs\Python\Python314\Lib\pathlib\__init__.py:1016: FileNotFoundError</error></testcase><testcase classname="backend.tests.test_observability" name="test_readiness_endpoint_reports_database_and_provider_modes" time="0.001"><error message="failed on setup with &quot;FileNotFoundError: [WinError 3] The system cannot find the path specified: 'C:\\Users\\syahn\\source\\litinerary\\backend\\tests\\.artifacts\\tmp\\pytest'&quot;">self = WindowsPath('C:/Users/syahn/source/litinerary/backend/tests/.artifacts/tmp/pytest')
mode = 448, parents = False, exist_ok = False

    def mkdir(self, mode=0o777, parents=False, exist_ok=False):
        """
        Create a new directory at this given path.
        """
        try:
&gt;           os.mkdir(self, mode)
E           FileNotFoundError: [WinError 3] The system cannot find the path specified: 'C:\\Users\\syahn\\source\\litinerary\\backend\\tests\\.artifacts\\tmp\\pytest'

..\..\..\AppData\Local\Programs\Python\Python314\Lib\pathlib\__init__.py:1016: FileNotFoundError</error></testcase><testcase classname="backend.tests.test_observability" name="test_readiness_redacts_sensitive_provider_configuration" time="0.001"><error message="failed on setup with &quot;FileNotFoundError: [WinError 3] The system cannot find the path specified: 'C:\\Users\\syahn\\source\\litinerary\\backend\\tests\\.artifacts\\tmp\\pytest'&quot;">self = WindowsPath('C:/Users/syahn/source/litinerary/backend/tests/.artifacts/tmp/pytest')
mode = 448, parents = False, exist_ok = False

    def mkdir(self, mode=0o777, parents=False, exist_ok=False):
        """
        Create a new directory at this given path.
        """
        try:
&gt;           os.mkdir(self, mode)
E           FileNotFoundError: [WinError 3] The system cannot find the path specified: 'C:\\Users\\syahn\\source\\litinerary\\backend\\tests\\.artifacts\\tmp\\pytest'

..\..\..\AppData\Local\Programs\Python\Python314\Lib\pathlib\__init__.py:1016: FileNotFoundError</error></testcase><testcase classname="backend.tests.test_observability" name="test_provider_status_exposes_booleans_not_secret_values" time="0.001" /><testcase classname="backend.tests.test_observability" name="test_llm_readiness_reports_gate_state_without_secret_values" time="0.001" /><testcase classname="backend.tests.test_observability" name="test_structured_log_redacts_sensitive_fields" time="0.001" /><testcase classname="backend.tests.test_observability" name="test_structured_log_redacts_nested_sentinel_values" time="0.001" /><testcase classname="backend.tests.test_observability" name="test_provider_telemetry_hook_logs_success_and_failure" time="0.002" /><testcase classname="backend.tests.test_observability" name="test_provider_error_handler_exposes_redacted_diagnostics_in_development" time="0.002" /><testcase classname="backend.tests.test_observability" name="test_provider_error_handler_keeps_extra_diagnostics_out_of_beta" time="0.002" /><testcase classname="backend.tests.test_offline_integration_readiness" name="test_offline_readiness_defaults_are_mock_only_and_secret_free" time="0.003"><error message="failed on setup with &quot;FileNotFoundError: [WinError 3] The system cannot find the path specified: 'C:\\Users\\syahn\\source\\litinerary\\backend\\tests\\.artifacts\\tmp\\pytest'&quot;">self = WindowsPath('C:/Users/syahn/source/litinerary/backend/tests/.artifacts/tmp/pytest')
mode = 448, parents = False, exist_ok = False

    def mkdir(self, mode=0o777, parents=False, exist_ok=False):
        """
        Create a new directory at this given path.
        """
        try:
&gt;           os.mkdir(self, mode)
E           FileNotFoundError: [WinError 3] The system cannot find the path specified: 'C:\\Users\\syahn\\source\\litinerary\\backend\\tests\\.artifacts\\tmp\\pytest'

[...]
E           FileNotFoundError: [WinError 3] The system cannot find the path specified: 'C:\\Users\\syahn\\source\\litinerary\\backend\\tests\\.artifacts\\tmp\\pytest'

..\..\..\AppData\Local\Programs\Python\Python314\Lib\pathlib\__init__.py:1016: FileNotFoundError</error></testcase><testcase classname="backend.tests.test_seed_manager" name="test_admin_seed_import_rejects_invalid_payload" time="0.001"><error message="failed on setup with &quot;FileNotFoundError: [WinError 3] The system cannot find the path specified: 'C:\\Users\\syahn\\source\\litinerary\\backend\\tests\\.artifacts\\tmp\\pytest'&quot;">self = WindowsPath('C:/Users/syahn/source/litinerary/backend/tests/.artifacts/tmp/pytest')
mode = 448, parents = False, exist_ok = False

    def mkdir(self, mode=0o777, parents=False, exist_ok=False):
        """
        Create a new directory at this given path.
        """
        try:
&gt;           os.mkdir(self, mode)
E           FileNotFoundError: [WinError 3] The system cannot find the path specified: 'C:\\Users\\syahn\\source\\litinerary\\backend\\tests\\.artifacts\\tmp\\pytest'

..\..\..\AppData\Local\Programs\Python\Python314\Lib\pathlib\__init__.py:1016: FileNotFoundError</error></testcase><testcase classname="backend.tests.test_seed_manager" name="test_admin_seed_reset_reloads_bundled_data" time="0.002"><error message="failed on setup with &quot;FileNotFoundError: [WinError 3] The system cannot find the path specified: 'C:\\Users\\syahn\\source\\litinerary\\backend\\tests\\.artifacts\\tmp\\pytest'&quot;">self = WindowsPath('C:/Users/syahn/source/litinerary/backend/tests/.artifacts/tmp/pytest')
mode = 448, parents = False, exist_ok = False

    def mkdir(self, mode=0o777, parents=False, exist_ok=False):
        """
        Create a new directory at this given path.
        """
        try:
&gt;           os.mkdir(self, mode)
E           FileNotFoundError: [WinError 3] The system cannot find the path specified: 'C:\\Users\\syahn\\source\\litinerary\\backend\\tests\\.artifacts\\tmp\\pytest'

..\..\..\AppData\Local\Programs\Python\Python314\Lib\pathlib\__init__.py:1016: FileNotFoundError</error></testcase><testcase classname="backend.tests.test_smoke_happy_path" name="test_backend_mvp_and_phase2_smoke_path" time="0.002"><error message="failed on setup with &quot;FileNotFoundError: [WinError 3] The system cannot find the path specified: 'C:\\Users\\syahn\\source\\litinerary\\backend\\tests\\.artifacts\\tmp\\pytest'&quot;">self = WindowsPath('C:/Users/syahn/source/litinerary/backend/tests/.artifacts/tmp/pytest')
mode = 448, parents = False, exist_ok = False

    def mkdir(self, mode=0o777, parents=False, exist_ok=False):
        """
        Create a new directory at this given path.
        """
        try:
&gt;           os.mkdir(self, mode)
E           FileNotFoundError: [WinError 3] The system cannot find the path specified: 'C:\\Users\\syahn\\source\\litinerary\\backend\\tests\\.artifacts\\tmp\\pytest'

..\..\..\AppData\Local\Programs\Python\Python314\Lib\pathlib\__init__.py:1016: FileNotFoundError</error></testcase><testcase classname="backend.tests.test_smoke_happy_path" name="test_backend_development_admin_smoke_path" time="0.001"><error message="failed on setup with &quot;FileNotFoundError: [WinError 3] The system cannot find the path specified: 'C:\\Users\\syahn\\source\\litinerary\\backend\\tests\\.artifacts\\tmp\\pytest'&quot;">self = WindowsPath('C:/Users/syahn/source/litinerary/backend/tests/.artifacts/tmp/pytest')
mode = 448, parents = False, exist_ok = False

    def mkdir(self, mode=0o777, parents=False, exist_ok=False):
        """
        Create a new directory at this given path.
        """
        try:
&gt;           os.mkdir(self, mode)
E           FileNotFoundError: [WinError 3] The system cannot find the path specified: 'C:\\Users\\syahn\\source\\litinerary\\backend\\tests\\.artifacts\\tmp\\pytest'

..\..\..\AppData\Local\Programs\Python\Python314\Lib\pathlib\__init__.py:1016: FileNotFoundError</error></testcase><testcase classname="backend.tests.test_subscriber_chat" name="test_subscriber_can_create_and_list_chat_session" time="0.002"><error message="failed on setup with &quot;FileNotFoundError: [WinError 3] The system cannot find the path specified: 'C:\\Users\\syahn\\source\\litinerary\\backend\\tests\\.artifacts\\tmp\\pytest'&quot;">self = WindowsPath('C:/Users/syahn/source/litinerary/backend/tests/.artifacts/tmp/pytest')
mode = 448, parents = False, exist_ok = False

    def mkdir(self, mode=0o777, parents=False, exist_ok=False):
        """
        Create a new directory at this given path.
        """
        try:
&gt;           os.mkdir(self, mode)
E           FileNotFoundError: [WinError 3] The system cannot find the path specified: 'C:\\Users\\syahn\\source\\litinerary\\backend\\tests\\.artifacts\\tmp\\pytest'

..\..\..\AppData\Local\Programs\Python\Python314\Lib\pathlib\__init__.py:1016: FileNotFoundError</error></testcase><testcase classname="backend.tests.test_subscriber_chat" name="test_non_subscriber_cannot_access_chat_when_auth_enabled" time="0.001"><error message="failed on setup with &quot;FileNotFoundError: [WinError 3] The system cannot find the path specified: 'C:\\Users\\syahn\\source\\litinerary\\backend\\tests\\.artifacts\\tmp\\pytest'&quot;">self = WindowsPath('C:/Users/syahn/source/litinerary/backend/tests/.artifacts/tmp/pytest')
mode = 448, parents = False, exist_ok = False

    def mkdir(self, mode=0o777, parents=False, exist_ok=False):
        """
        Create a new directory at this given path.
        """
        try:
&gt;           os.mkdir(self, mode)
E           FileNotFoundError: [WinError 3] The system cannot find the path specified: 'C:\\Users\\syahn\\source\\litinerary\\backend\\tests\\.artifacts\\tmp\\pytest'

..\..\..\AppData\Local\Programs\Python\Python314\Lib\pathlib\__init__.py:1016: FileNotFoundError</error></testcase><testcase classname="backend.tests.test_subscriber_chat" name="test_anonymous_user_cannot_access_chat_when_auth_enabled" time="0.001"><error message="failed on setup with &quot;FileNotFoundError: [WinError 3] The system cannot find the path specified: 'C:\\Users\\syahn\\source\\litinerary\\backend\\tests\\.artifacts\\tmp\\pytest'&quot;">self = WindowsPath('C:/Users/syahn/source/litinerary/backend/tests/.artifacts/tmp/pytest')
mode = 448, parents = False, exist_ok = False

    def mkdir(self, mode=0o777, parents=False, exist_ok=False):
        """
        Create a new directory at this given path.
        """
        try:
&gt;           os.mkdir(self, mode)
E           FileNotFoundError: [WinError 3] The system cannot find the path specified: 'C:\\Users\\syahn\\source\\litinerary\\backend\\tests\\.artifacts\\tmp\\pytest'

..\..\..\AppData\Local\Programs\Python\Python314\Lib\pathlib\__init__.py:1016: FileNotFoundError</error></testcase><testcase classname="backend.tests.test_subscriber_chat" name="test_mock_chat_message_flow" time="0.001"><error message="failed on setup with &quot;FileNotFoundError: [WinError 3] The system cannot find the path specified: 'C:\\Users\\syahn\\source\\litinerary\\backend\\tests\\.artifacts\\tmp\\pytest'&quot;">self = WindowsPath('C:/Users/syahn/source/litinerary/backend/tests/.artifacts/tmp/pytest')
mode = 448, parents = False, exist_ok = False

    def mkdir(self, mode=0o777, parents=False, exist_ok=False):
        """
        Create a new directory at this given path.
        """
        try:
&gt;           os.mkdir(self, mode)
E           FileNotFoundError: [WinError 3] The system cannot find the path specified: 'C:\\Users\\syahn\\source\\litinerary\\backend\\tests\\.artifacts\\tmp\\pytest'

..\..\..\AppData\Local\Programs\Python\Python314\Lib\pathlib\__init__.py:1016: FileNotFoundError</error></testcase><testcase classname="backend.tests.test_subscriber_chat" name="test_mock_itinerary_refinement_creates_private_subscriber_reference" time="0.001"><error message="failed on setup with &quot;FileNotFoundError: [WinError 3] The system cannot find the path specified: 'C:\\Users\\syahn\\source\\litinerary\\backend\\tests\\.artifacts\\tmp\\pytest'&quot;">self = WindowsPath('C:/Users/syahn/source/litinerary/backend/tests/.artifacts/tmp/pytest')
mode = 448, parents = False, exist_ok = False

    def mkdir(self, mode=0o777, parents=False, exist_ok=False):
        """
        Create a new directory at this given path.
        """
        try:
&gt;           os.mkdir(self, mode)
E           FileNotFoundError: [WinError 3] The system cannot find the path specified: 'C:\\Users\\syahn\\source\\litinerary\\backend\\tests\\.artifacts\\tmp\\pytest'

..\..\..\AppData\Local\Programs\Python\Python314\Lib\pathlib\__init__.py:1016: FileNotFoundError</error></testcase><testcase classname="backend.tests.test_subscriber_chat" name="test_users_cannot_read_each_others_chat_sessions" time="0.001"><error message="failed on setup with &quot;FileNotFoundError: [WinError 3] The system cannot find the path specified: 'C:\\Users\\syahn\\source\\litinerary\\backend\\tests\\.artifacts\\tmp\\pytest'&quot;">self = WindowsPath('C:/Users/syahn/source/litinerary/backend/tests/.artifacts/tmp/pytest')
mode = 448, parents = False, exist_ok = False

    def mkdir(self, mode=0o777, parents=False, exist_ok=False):
        """
        Create a new directory at this given path.
        """
        try:
&gt;           os.mkdir(self, mode)
E           FileNotFoundError: [WinError 3] The system cannot find the path specified: 'C:\\Users\\syahn\\source\\litinerary\\backend\\tests\\.artifacts\\tmp\\pytest'

..\..\..\AppData\Local\Programs\Python\Python314\Lib\pathlib\__init__.py:1016: FileNotFoundError</error></testcase><testcase classname="backend.tests.test_ticketing_affiliate_adapters" name="test_mock_ticketing_and_affiliate_are_default_without_credentials" time="0.002" /><testcase classname="backend.tests.test_ticketing_affiliate_adapters" name="test_real_ticketing_enabled_without_config_fails_clearly" time="0.002" /><testcase classname="backend.tests.test_ticketing_affiliate_adapters" name="test_real_ticketing_enabled_with_mock_provider_fails_clearly" time="0.003" /><testcase classname="backend.tests.test_ticketing_affiliate_adapters" name="test_real_affiliate_enabled_without_config_fails_clearly" time="0.003" /><testcase classname="backend.tests.test_ticketing_affiliate_adapters" name="test_mock_ticketing_provider_never_requires_external_configuration" time="0.003" /><testcase classname="backend.tests.test_ticketing_affiliate_adapters" name="test_mock_affiliate_provider_returns_disclosed_placeholder_links" time="0.002" /><testcase classname="backend.tests.test_ticketing_affiliate_adapters" name="test_ticketing_and_affiliate_links_are_optional_schema_fields" time="0.002" /><testcase classname="backend.tests.test_ticketing_affiliate_adapters" name="test_book_affiliate_link_schema_preserves_provider_metadata_fields" time="0.009" /><testcase classname="backend.tests.test_usage_policy" name="test_anonymous_generation_limit_blocks_after_daily_allowance" time="0.003" /><testcase classname="backend.tests.test_usage_policy" name="test_registered_user_generation_limit_is_separate_from_anonymous_limit" time="0.003" /><testcase classname="backend.tests.test_usage_policy" name="test_subscriber_chat_limit_blocks_after_daily_quota" time="0.002" /><testcase classname="backend.tests.test_usage_policy" name="test_routing_stop_limit_blocks_large_routes" time="0.002" /><testcase classname="backend.tests.test_usage_policy" name="test_poi_batch_limit_blocks_unsupported_batch_size" time="0.001" /><testcase classname="backend.tests.test_usage_policy" name="test_llm_input_size_limit_blocks_large_prompts" time="0.001" /><testcase classname="backend.tests.test_usage_policy" name="test_itinerary_duration_limit_blocks_large_requests" time="0.001" /><testcase classname="backend.tests.test_usage_policy" name="test_live_llm_per_request_call_limit_blocks_extra_completion" time="0.002" /><testcase classname="backend.tests.test_usage_policy" name="test_live_llm_daily_completion_ceiling_blocks_after_limit" time="0.002" /><testcase classname="backend.tests.test_usage_policy" name="test_vector_result_limit_blocks_large_searches" time="0.001" /><testcase classname="backend.tests.test_usage_policy" name="test_cost_ceiling_blocks_estimated_provider_spend" time="0.001" /><testcase classname="backend.tests.test_usage_policy" name="test_limit_window_resets_on_next_utc_day" time="0.001" /><testcase classname="backend.tests.test_usage_policy" name="test_fake_vector_provider_works_with_default_limits" time="0.001" /><testcase classname="backend.tests.test_user_accounts" name="test_development_user_can_be_created_and_retrieved" time="0.002"><error message="failed on setup with &quot;FileNotFoundError: [WinError 3] The system cannot find the path specified: 'C:\\Users\\syahn\\source\\litinerary\\backend\\tests\\.artifacts\\tmp\\pytest'&quot;">self = WindowsPath('C:/Users/syahn/source/litinerary/backend/tests/.artifacts/tmp/pytest')
mode = 448, parents = False, exist_ok = False

    def mkdir(self, mode=0o777, parents=False, exist_ok=False):
        """
        Create a new directory at this given path.
        """
        try:
&gt;           os.mkdir(self, mode)
E           FileNotFoundError: [WinError 3] The system cannot find the path specified: 'C:\\Users\\syahn\\source\\litinerary\\backend\\tests\\.artifacts\\tmp\\pytest'

..\..\..\AppData\Local\Programs\Python\Python314\Lib\pathlib\__init__.py:1016: FileNotFoundError</error></testcase><testcase classname="backend.tests.test_user_accounts" name="test_user_preferences_can_be_saved" time="0.001"><error message="failed on setup with &quot;FileNotFoundError: [WinError 3] The system cannot find the path specified: 'C:\\Users\\syahn\\source\\litinerary\\backend\\tests\\.artifacts\\tmp\\pytest'&quot;">self = WindowsPath('C:/Users/syahn/source/litinerary/backend/tests/.artifacts/tmp/pytest')
mode = 448, parents = False, exist_ok = False

    def mkdir(self, mode=0o777, parents=False, exist_ok=False):
        """
        Create a new directory at this given path.
        """
        try:
&gt;           os.mkdir(self, mode)
E           FileNotFoundError: [WinError 3] The system cannot find the path specified: 'C:\\Users\\syahn\\source\\litinerary\\backend\\tests\\.artifacts\\tmp\\pytest'

..\..\..\AppData\Local\Programs\Python\Python314\Lib\pathlib\__init__.py:1016: FileNotFoundError</error></testcase><testcase classname="backend.tests.test_user_accounts" name="test_itinerary_can_be_bookmarked_listed_and_unbookmarked" time="0.001"><error message="failed on setup with &quot;FileNotFoundError: [WinError 3] The system cannot find the path specified: 'C:\\Users\\syahn\\source\\litinerary\\backend\\tests\\.artifacts\\tmp\\pytest'&quot;">self = WindowsPath('C:/Users/syahn/source/litinerary/backend/tests/.artifacts/tmp/pytest')
mode = 448, parents = False, exist_ok = False

    def mkdir(self, mode=0o777, parents=False, exist_ok=False):
        """
        Create a new directory at this given path.
        """
        try:
&gt;           os.mkdir(self, mode)
E           FileNotFoundError: [WinError 3] The system cannot find the path specified: 'C:\\Users\\syahn\\source\\litinerary\\backend\\tests\\.artifacts\\tmp\\pytest'

..\..\..\AppData\Local\Programs\Python\Python314\Lib\pathlib\__init__.py:1016: FileNotFoundError</error></testcase><testcase classname="backend.tests.test_user_accounts" name="test_user_review_can_be_saved_and_listed" time="0.001"><error message="failed on setup with &quot;FileNotFoundError: [WinError 3] The system cannot find the path specified: 'C:\\Users\\syahn\\source\\litinerary\\backend\\tests\\.artifacts\\tmp\\pytest'&quot;">self = WindowsPath('C:/Users/syahn/source/litinerary/backend/tests/.artifacts/tmp/pytest')
mode = 448, parents = False, exist_ok = False

    def mkdir(self, mode=0o777, parents=False, exist_ok=False):
        """
        Create a new directory at this given path.
        """
        try:
&gt;           os.mkdir(self, mode)
E           FileNotFoundError: [WinError 3] The system cannot find the path specified: 'C:\\Users\\syahn\\source\\litinerary\\backend\\tests\\.artifacts\\tmp\\pytest'

..\..\..\AppData\Local\Programs\Python\Python314\Lib\pathlib\__init__.py:1016: FileNotFoundError</error></testcase><testcase classname="backend.tests.test_user_accounts" name="test_development_mock_recommendations_are_available" time="0.002"><error message="failed on setup with &quot;FileNotFoundError: [WinError 3] The system cannot find the path specified: 'C:\\Users\\syahn\\source\\litinerary\\backend\\tests\\.artifacts\\tmp\\pytest'&quot;">self = WindowsPath('C:/Users/syahn/source/litinerary/backend/tests/.artifacts/tmp/pytest')
mode = 448, parents = False, exist_ok = False

    def mkdir(self, mode=0o777, parents=False, exist_ok=False):
        """
        Create a new directory at this given path.
        """
        try:
&gt;           os.mkdir(self, mode)
E           FileNotFoundError: [WinError 3] The system cannot find the path specified: 'C:\\Users\\syahn\\source\\litinerary\\backend\\tests\\.artifacts\\tmp\\pytest'

..\..\..\AppData\Local\Programs\Python\Python314\Lib\pathlib\__init__.py:1016: FileNotFoundError</error></testcase><testcase classname="backend.tests.test_user_accounts" name="test_anonymous_itinerary_generation_still_works" time="0.001"><error message="failed on setup with &quot;FileNotFoundError: [WinError 3] The system cannot find the path specified: 'C:\\Users\\syahn\\source\\litinerary\\backend\\tests\\.artifacts\\tmp\\pytest'&quot;">self = WindowsPath('C:/Users/syahn/source/litinerary/backend/tests/.artifacts/tmp/pytest')
mode = 448, parents = False, exist_ok = False

    def mkdir(self, mode=0o777, parents=False, exist_ok=False):
        """
        Create a new directory at this given path.
        """
        try:
&gt;           os.mkdir(self, mode)
E           FileNotFoundError: [WinError 3] The system cannot find the path specified: 'C:\\Users\\syahn\\source\\litinerary\\backend\\tests\\.artifacts\\tmp\\pytest'

..\..\..\AppData\Local\Programs\Python\Python314\Lib\pathlib\__init__.py:1016: FileNotFoundError</error></testcase><testcase classname="backend.tests.test_vector_service" name="test_fake_embedding_generation_is_deterministic" time="0.002" /><testcase classname="backend.tests.test_vector_service" name="test_vector_store_filters_metadata_and_returns_stable_similarity_order" time="0.003" /><testcase classname="backend.tests.test_vector_service" name="test_user_preference_and_review_embeddings_can_be_saved" time="0.004" /><testcase classname="backend.tests.test_vector_service" name="test_itinerary_book_and_poi_vector_helpers_support_search_and_metadata_fetch" time="0.003" /><testcase classname="backend.tests.test_vector_service" name="test_book_and_poi_similarity_helpers_support_metadata_filters" time="0.004" /><testcase classname="backend.tests.test_vector_service" name="test_local_json_vector_store_persists_records" time="0.002"><error message="failed on setup with &quot;FileNotFoundError: [WinError 3] The system cannot find the path specified: 'C:\\Users\\syahn\\source\\litinerary\\backend\\tests\\.artifacts\\tmp\\pytest'&quot;">self = WindowsPath('C:/Users/syahn/source/litinerary/backend/tests/.artifacts/tmp/pytest')
mode = 448, parents = False, exist_ok = False

    def mkdir(self, mode=0o777, parents=False, exist_ok=False):
        """
        Create a new directory at this given path.
        """
        try:
&gt;           os.mkdir(self, mode)
E           FileNotFoundError: [WinError 3] The system cannot find the path specified: 'C:\\Users\\syahn\\source\\litinerary\\backend\\tests\\.artifacts\\tmp\\pytest'

..\..\..\AppData\Local\Programs\Python\Python314\Lib\pathlib\__init__.py:1016: FileNotFoundError</error></testcase><testcase classname="backend.tests.test_vector_service" name="test_mock_recommendation_queries_are_deterministic" time="0.004" /></testsuite></testsuites>